==========================================================================================
Information: 
Exchange parameters generated by TB2J 0.3.3
Generation time: 20/09/25 09:56:29
 Input from collinear Wannier90 data.
 Tight binding data from ./. 
 Prefix of wannier function files:abinito_w90_up and abinito_w90_down.
Warning: Please check if the noise level of Wannier function Hamiltonian to make sure it is much smaller than the exchange values.

==========================================================================================
Cell (Angstrom):
 3.810  -0.000  -0.000
 0.000   3.810   0.000
 0.000   0.000   3.810

==========================================================================================
Atoms:  
(Note: charge and magmoms only count the wannier functions.)
Atom number      x         y         z     w_charge  w_magmom 
Sr1             0.0000    0.0000    0.0000    0.0000    0.0000
Mn1             1.9050    1.9050    1.9050    4.6546    2.9856
O1              1.9050    1.9050    0.0000    5.4861    0.0435
O2              0.0000    1.9050    1.9050    5.4862    0.0435
O3              1.9050    0.0000    1.9050    5.4862    0.0435
Total                                        21.1131    3.1160

==========================================================================================
Exchange: 
    i      j          R        J_iso(meV)          vector          distance(A) 
----------------------------------------------------------------------------------------
   Mn1   Mn1   (  1,   0,   0) -7.0353   ( 3.810,  0.000,  0.000)  3.810 
J_iso: -7.0353 
Orbital contributions:
 [[ 0.564 -0.    -0.     0.157 -0.   ]
 [-0.    -5.059  0.    -0.    -0.   ]
 [-0.     0.    -0.047 -0.     0.   ]
 [ 0.157 -0.    -0.     2.251 -0.   ]
 [ 0.    -0.     0.    -0.    -5.059]] 
----------------------------------------------------------------------------------------
   Mn1   Mn1   (  0,   1,   0) -7.0353   ( 0.000,  3.810,  0.000)  3.810 
J_iso: -7.0353 
Orbital contributions:
 [[ 0.564 -0.    -0.     0.157 -0.   ]
 [-0.    -0.047  0.    -0.     0.   ]
 [-0.     0.    -5.059 -0.    -0.   ]
 [ 0.157 -0.    -0.     2.251 -0.   ]
 [ 0.     0.    -0.    -0.    -5.059]] 
----------------------------------------------------------------------------------------
   Mn1   Mn1   (  0,   0,   1) -7.0364   ( 0.000,  0.000,  3.810)  3.810 
J_iso: -7.0364 
Orbital contributions:
 [[ 3.25  -0.    -0.     0.    -0.   ]
 [-0.    -5.059 -0.    -0.     0.   ]
 [-0.    -0.    -5.059 -0.     0.   ]
 [-0.    -0.    -0.    -0.122 -0.   ]
 [-0.     0.     0.     0.    -0.047]] 
----------------------------------------------------------------------------------------
   Mn1   Mn1   ( -1,   0,   0) -7.0353   (-3.810,  0.000,  0.000)  3.810 
J_iso: -7.0353 
Orbital contributions:
 [[ 0.564 -0.    -0.     0.157 -0.   ]
 [-0.    -5.059  0.    -0.    -0.   ]
 [-0.     0.    -0.047 -0.     0.   ]
 [ 0.157 -0.    -0.     2.251 -0.   ]
 [ 0.    -0.     0.    -0.    -5.059]] 
----------------------------------------------------------------------------------------
   Mn1   Mn1   (  0,  -1,   0) -7.0353   ( 0.000, -3.810,  0.000)  3.810 
J_iso: -7.0353 
Orbital contributions:
 [[ 0.564 -0.    -0.     0.157 -0.   ]
 [-0.    -0.047  0.    -0.     0.   ]
 [-0.     0.    -5.059 -0.    -0.   ]
 [ 0.157 -0.    -0.     2.251 -0.   ]
 [ 0.     0.    -0.    -0.    -5.059]] 
----------------------------------------------------------------------------------------
   Mn1   Mn1   (  0,   0,  -1) -7.0364   ( 0.000,  0.000, -3.810)  3.810 
J_iso: -7.0364 
Orbital contributions:
 [[ 3.25  -0.    -0.     0.    -0.   ]
 [-0.    -5.059 -0.    -0.     0.   ]
 [-0.    -0.    -5.059 -0.     0.   ]
 [-0.    -0.    -0.    -0.122 -0.   ]
 [-0.     0.     0.     0.    -0.047]] 
----------------------------------------------------------------------------------------
   Mn1   Mn1   (  1,   1,   0) -0.5772   ( 3.810,  3.810,  0.000)  5.388 
J_iso: -0.5772 
Orbital contributions:
 [[ 0.001  0.     0.     0.     0.117]
 [ 0.     0.003 -0.011 -0.    -0.   ]
 [ 0.    -0.011  0.003 -0.    -0.   ]
 [-0.     0.     0.     0.022  0.   ]
 [ 0.116 -0.    -0.    -0.    -0.818]] 
----------------------------------------------------------------------------------------
   Mn1   Mn1   (  1,   0,   1) -0.5773   ( 3.810,  0.000,  3.810)  5.388 
J_iso: -0.5773 
Orbital contributions:
 [[ 0.009  0.029  0.     0.007  0.   ]
 [ 0.029 -0.818 -0.     0.087 -0.   ]
 [ 0.    -0.     0.003  0.    -0.011]
 [ 0.007  0.088  0.    -0.001  0.   ]
 [ 0.    -0.    -0.011  0.     0.003]] 
----------------------------------------------------------------------------------------
   Mn1   Mn1   ( -1,   0,   1) -0.5797   (-3.810,  0.000,  3.810)  5.388 
J_iso: -0.5797 
Orbital contributions:
 [[ 0.008  0.029  0.     0.009  0.   ]
 [ 0.029 -0.818 -0.     0.087 -0.   ]
 [ 0.    -0.     0.003  0.    -0.011]
 [ 0.005  0.088  0.    -0.001  0.   ]
 [ 0.    -0.    -0.011  0.     0.003]] 
----------------------------------------------------------------------------------------
   Mn1   Mn1   (  1,   0,  -1) -0.5797   ( 3.810,  0.000, -3.810)  5.388 
J_iso: -0.5797 
Orbital contributions:
 [[ 0.008  0.029  0.     0.009  0.   ]
 [ 0.029 -0.818 -0.     0.087 -0.   ]
 [ 0.    -0.     0.003  0.    -0.011]
 [ 0.005  0.088  0.    -0.001  0.   ]
 [ 0.    -0.    -0.011  0.     0.003]] 
----------------------------------------------------------------------------------------
   Mn1   Mn1   ( -1,   1,   0) -0.5797   (-3.810,  3.810,  0.000)  5.388 
J_iso: -0.5797 
Orbital contributions:
 [[ 0.001  0.     0.    -0.     0.116]
 [ 0.     0.003 -0.011  0.    -0.   ]
 [ 0.    -0.011  0.003  0.    -0.   ]
 [-0.     0.     0.     0.02  -0.   ]
 [ 0.116 -0.    -0.    -0.    -0.818]] 
----------------------------------------------------------------------------------------
   Mn1   Mn1   (  1,  -1,   0) -0.5797   ( 3.810, -3.810,  0.000)  5.388 
J_iso: -0.5797 
Orbital contributions:
 [[ 0.001  0.     0.    -0.     0.116]
 [ 0.     0.003 -0.011  0.    -0.   ]
 [ 0.    -0.011  0.003  0.    -0.   ]
 [-0.     0.     0.     0.02  -0.   ]
 [ 0.116 -0.    -0.    -0.    -0.818]] 
----------------------------------------------------------------------------------------
   Mn1   Mn1   (  0,   1,   1) -0.5773   ( 0.000,  3.810,  3.810)  5.388 
J_iso: -0.5773 
Orbital contributions:
 [[ 0.009  0.     0.029  0.007  0.   ]
 [ 0.     0.003 -0.     0.    -0.011]
 [ 0.029 -0.    -0.818  0.087 -0.   ]
 [ 0.007  0.     0.088 -0.001  0.   ]
 [ 0.    -0.011 -0.     0.     0.003]] 
----------------------------------------------------------------------------------------
   Mn1   Mn1   (  0,  -1,   1) -0.5797   ( 0.000, -3.810,  3.810)  5.388 
J_iso: -0.5797 
Orbital contributions:
 [[ 0.008  0.     0.029  0.009  0.   ]
 [ 0.     0.003 -0.     0.    -0.011]
 [ 0.029 -0.    -0.818  0.087 -0.   ]
 [ 0.005  0.     0.088 -0.001  0.   ]
 [ 0.    -0.011 -0.     0.     0.003]] 
----------------------------------------------------------------------------------------
   Mn1   Mn1   (  0,   1,  -1) -0.5797   ( 0.000,  3.810, -3.810)  5.388 
J_iso: -0.5797 
Orbital contributions:
 [[ 0.008  0.     0.029  0.009  0.   ]
 [ 0.     0.003 -0.     0.    -0.011]
 [ 0.029 -0.    -0.818  0.087 -0.   ]
 [ 0.005  0.     0.088 -0.001  0.   ]
 [ 0.    -0.011 -0.     0.     0.003]] 
----------------------------------------------------------------------------------------
   Mn1   Mn1   ( -1,  -1,   0) -0.5772   (-3.810, -3.810,  0.000)  5.388 
J_iso: -0.5772 
Orbital contributions:
 [[ 0.001  0.     0.     0.     0.117]
 [ 0.     0.003 -0.011 -0.    -0.   ]
 [ 0.    -0.011  0.003 -0.    -0.   ]
 [-0.     0.     0.     0.022  0.   ]
 [ 0.116 -0.    -0.    -0.    -0.818]] 
----------------------------------------------------------------------------------------
   Mn1   Mn1   ( -1,   0,  -1) -0.5773   (-3.810,  0.000, -3.810)  5.388 
J_iso: -0.5773 
Orbital contributions:
 [[ 0.009  0.029  0.     0.007  0.   ]
 [ 0.029 -0.818 -0.     0.087 -0.   ]
 [ 0.    -0.     0.003  0.    -0.011]
 [ 0.007  0.088  0.    -0.001  0.   ]
 [ 0.    -0.    -0.011  0.     0.003]] 
----------------------------------------------------------------------------------------
   Mn1   Mn1   (  0,  -1,  -1) -0.5773   ( 0.000, -3.810, -3.810)  5.388 
J_iso: -0.5773 
Orbital contributions:
 [[ 0.009  0.     0.029  0.007  0.   ]
 [ 0.     0.003 -0.     0.    -0.011]
 [ 0.029 -0.    -0.818  0.087 -0.   ]
 [ 0.007  0.     0.088 -0.001  0.   ]
 [ 0.    -0.011 -0.     0.     0.003]] 
----------------------------------------------------------------------------------------
   Mn1   Mn1   ( -1,  -1,  -1) -0.0356   (-3.810, -3.810, -3.810)  6.599 
J_iso: -0.0356 
Orbital contributions:
 [[-0.    -0.001 -0.001  0.    -0.003]
 [-0.001 -0.008  0.001 -0.002  0.001]
 [-0.001  0.001 -0.008 -0.002  0.001]
 [-0.    -0.002 -0.002 -0.    -0.   ]
 [-0.002  0.001  0.001 -0.    -0.008]] 
----------------------------------------------------------------------------------------
   Mn1   Mn1   (  1,   1,   1) -0.0356   ( 3.810,  3.810,  3.810)  6.599 
J_iso: -0.0356 
Orbital contributions:
 [[-0.    -0.001 -0.001  0.    -0.003]
 [-0.001 -0.008  0.001 -0.002  0.001]
 [-0.001  0.001 -0.008 -0.002  0.001]
 [-0.    -0.002 -0.002 -0.    -0.   ]
 [-0.002  0.001  0.001 -0.    -0.008]] 
----------------------------------------------------------------------------------------
   Mn1   Mn1   ( -1,  -1,   1) -0.0354   (-3.810, -3.810,  3.810)  6.599 
J_iso: -0.0354 
Orbital contributions:
 [[-0.    -0.    -0.     0.    -0.003]
 [-0.001 -0.008  0.001 -0.002  0.001]
 [-0.001  0.001 -0.008 -0.002  0.001]
 [-0.    -0.002 -0.002 -0.    -0.   ]
 [-0.002  0.001  0.001  0.    -0.008]] 
----------------------------------------------------------------------------------------
   Mn1   Mn1   (  1,   1,  -1) -0.0354   ( 3.810,  3.810, -3.810)  6.599 
J_iso: -0.0354 
Orbital contributions:
 [[-0.    -0.    -0.     0.    -0.003]
 [-0.001 -0.008  0.001 -0.002  0.001]
 [-0.001  0.001 -0.008 -0.002  0.001]
 [-0.    -0.002 -0.002 -0.    -0.   ]
 [-0.002  0.001  0.001  0.    -0.008]] 
----------------------------------------------------------------------------------------
   Mn1   Mn1   ( -1,   1,  -1) -0.0354   (-3.810,  3.810, -3.810)  6.599 
J_iso: -0.0354 
Orbital contributions:
 [[-0.    -0.001 -0.001 -0.    -0.002]
 [-0.001 -0.008  0.001 -0.002  0.001]
 [-0.     0.001 -0.008 -0.002  0.001]
 [-0.    -0.002 -0.002 -0.     0.   ]
 [-0.002  0.001  0.001  0.    -0.008]] 
----------------------------------------------------------------------------------------
   Mn1   Mn1   (  1,  -1,   1) -0.0354   ( 3.810, -3.810,  3.810)  6.599 
J_iso: -0.0354 
Orbital contributions:
 [[-0.    -0.001 -0.001 -0.    -0.002]
 [-0.001 -0.008  0.001 -0.002  0.001]
 [-0.     0.001 -0.008 -0.002  0.001]
 [-0.    -0.002 -0.002 -0.     0.   ]
 [-0.002  0.001  0.001  0.    -0.008]] 
----------------------------------------------------------------------------------------
   Mn1   Mn1   ( -1,   1,   1) -0.0354   (-3.810,  3.810,  3.810)  6.599 
J_iso: -0.0354 
Orbital contributions:
 [[-0.    -0.    -0.001 -0.    -0.002]
 [-0.001 -0.008  0.001 -0.002  0.001]
 [-0.001  0.001 -0.008 -0.002  0.001]
 [-0.    -0.002 -0.002 -0.     0.   ]
 [-0.002  0.001  0.001  0.    -0.008]] 
----------------------------------------------------------------------------------------
   Mn1   Mn1   (  1,  -1,  -1) -0.0354   ( 3.810, -3.810, -3.810)  6.599 
J_iso: -0.0354 
Orbital contributions:
 [[-0.    -0.    -0.001 -0.    -0.002]
 [-0.001 -0.008  0.001 -0.002  0.001]
 [-0.001  0.001 -0.008 -0.002  0.001]
 [-0.    -0.002 -0.002 -0.     0.   ]
 [-0.002  0.001  0.001  0.    -0.008]] 
----------------------------------------------------------------------------------------
   Mn1   Mn1   ( -2,   0,   0)  0.7406   (-7.620,  0.000,  0.000)  7.620 
J_iso:  0.7406 
Orbital contributions:
 [[ 0.201  0.    -0.    -0.078  0.   ]
 [-0.     0.14  -0.    -0.    -0.   ]
 [-0.    -0.     0.    -0.    -0.   ]
 [-0.078  0.    -0.     0.415  0.   ]
 [-0.    -0.    -0.    -0.     0.14 ]] 
----------------------------------------------------------------------------------------
   Mn1   Mn1   (  2,   0,   0)  0.7406   ( 7.620,  0.000,  0.000)  7.620 
J_iso:  0.7406 
Orbital contributions:
 [[ 0.201  0.    -0.    -0.078  0.   ]
 [-0.     0.14  -0.    -0.    -0.   ]
 [-0.    -0.     0.    -0.    -0.   ]
 [-0.078  0.    -0.     0.415  0.   ]
 [-0.    -0.    -0.    -0.     0.14 ]] 
----------------------------------------------------------------------------------------
   Mn1   Mn1   (  0,  -2,   0)  0.7406   ( 0.000, -7.620,  0.000)  7.620 
J_iso:  0.7406 
Orbital contributions:
 [[ 0.201 -0.     0.    -0.078  0.   ]
 [-0.     0.    -0.    -0.    -0.   ]
 [-0.    -0.     0.14  -0.    -0.   ]
 [-0.078 -0.     0.     0.415  0.   ]
 [-0.    -0.    -0.    -0.     0.14 ]] 
----------------------------------------------------------------------------------------
   Mn1   Mn1   (  0,   2,   0)  0.7406   ( 0.000,  7.620,  0.000)  7.620 
J_iso:  0.7406 
Orbital contributions:
 [[ 0.201 -0.     0.    -0.078  0.   ]
 [-0.     0.    -0.    -0.    -0.   ]
 [-0.    -0.     0.14  -0.    -0.   ]
 [-0.078 -0.     0.     0.415  0.   ]
 [-0.    -0.    -0.    -0.     0.14 ]] 
----------------------------------------------------------------------------------------
   Mn1   Mn1   (  0,   0,  -2)  0.7402   ( 0.000,  0.000, -7.620)  7.620 
J_iso:  0.7402 
Orbital contributions:
 [[ 0.444  0.     0.     0.    -0.   ]
 [-0.     0.14  -0.    -0.    -0.   ]
 [-0.    -0.     0.14  -0.    -0.   ]
 [ 0.     0.     0.     0.016 -0.   ]
 [-0.    -0.    -0.     0.     0.   ]] 
----------------------------------------------------------------------------------------
   Mn1   Mn1   (  0,   0,   2)  0.7402   ( 0.000,  0.000,  7.620)  7.620 
J_iso:  0.7402 
Orbital contributions:
 [[ 0.444  0.     0.     0.    -0.   ]
 [-0.     0.14  -0.    -0.    -0.   ]
 [-0.    -0.     0.14  -0.    -0.   ]
 [ 0.     0.     0.     0.016 -0.   ]
 [-0.    -0.    -0.     0.     0.   ]] 
----------------------------------------------------------------------------------------
   Mn1   Mn1   ( -2,  -1,   0)  0.1739   (-7.620, -3.810,  0.000)  8.519 
J_iso:  0.1739 
Orbital contributions:
 [[ 0.001 -0.     0.    -0.001  0.001]
 [-0.    -0.001  0.     0.    -0.   ]
 [-0.     0.     0.    -0.     0.   ]
 [-0.002  0.    -0.     0.15   0.014]
 [ 0.001  0.     0.     0.011 -0.001]] 
----------------------------------------------------------------------------------------
   Mn1   Mn1   (  2,   1,   0)  0.1739   ( 7.620,  3.810,  0.000)  8.519 
J_iso:  0.1739 
Orbital contributions:
 [[ 0.001 -0.     0.    -0.001  0.001]
 [-0.    -0.001  0.     0.    -0.   ]
 [-0.     0.     0.    -0.     0.   ]
 [-0.002  0.    -0.     0.15   0.014]
 [ 0.001  0.     0.     0.011 -0.001]] 
----------------------------------------------------------------------------------------
   Mn1   Mn1   ( -2,   0,  -1)  0.1739   (-7.620,  0.000, -3.810)  8.519 
J_iso:  0.1739 
Orbital contributions:
 [[ 0.054  0.006 -0.     0.042 -0.   ]
 [ 0.004 -0.001  0.     0.009  0.   ]
 [-0.     0.     0.     0.     0.   ]
 [ 0.036  0.01   0.     0.015 -0.   ]
 [-0.    -0.     0.     0.    -0.001]] 
----------------------------------------------------------------------------------------
   Mn1   Mn1   (  2,   0,   1)  0.1739   ( 7.620,  0.000,  3.810)  8.519 
J_iso:  0.1739 
Orbital contributions:
 [[ 0.054  0.006 -0.     0.042 -0.   ]
 [ 0.004 -0.001  0.     0.009  0.   ]
 [-0.     0.     0.     0.     0.   ]
 [ 0.036  0.01   0.     0.015 -0.   ]
 [-0.    -0.     0.     0.    -0.001]] 
----------------------------------------------------------------------------------------
   Mn1   Mn1   ( -2,   0,   1)  0.1694   (-7.620,  0.000,  3.810)  8.519 
J_iso:  0.1694 
Orbital contributions:
 [[ 0.052  0.005 -0.     0.04  -0.   ]
 [ 0.004 -0.001  0.     0.008  0.   ]
 [-0.     0.     0.    -0.     0.   ]
 [ 0.036  0.01   0.     0.015 -0.   ]
 [-0.    -0.     0.     0.    -0.001]] 
----------------------------------------------------------------------------------------
   Mn1   Mn1   (  2,   0,  -1)  0.1694   ( 7.620,  0.000, -3.810)  8.519 
J_iso:  0.1694 
Orbital contributions:
 [[ 0.052  0.005 -0.     0.04  -0.   ]
 [ 0.004 -0.001  0.     0.008  0.   ]
 [-0.     0.     0.    -0.     0.   ]
 [ 0.036  0.01   0.     0.015 -0.   ]
 [-0.    -0.     0.     0.    -0.001]] 
----------------------------------------------------------------------------------------
   Mn1   Mn1   ( -2,   1,   0)  0.1694   (-7.620,  3.810,  0.000)  8.519 
J_iso:  0.1694 
Orbital contributions:
 [[ 0.001 -0.     0.    -0.002  0.002]
 [-0.    -0.001  0.     0.    -0.   ]
 [-0.     0.     0.    -0.     0.   ]
 [-0.002  0.    -0.     0.146  0.013]
 [ 0.001  0.     0.     0.011 -0.001]] 
----------------------------------------------------------------------------------------
   Mn1   Mn1   (  2,  -1,   0)  0.1694   ( 7.620, -3.810,  0.000)  8.519 
J_iso:  0.1694 
Orbital contributions:
 [[ 0.001 -0.     0.    -0.002  0.002]
 [-0.    -0.001  0.     0.    -0.   ]
 [-0.     0.     0.    -0.     0.   ]
 [-0.002  0.    -0.     0.146  0.013]
 [ 0.001  0.     0.     0.011 -0.001]] 
----------------------------------------------------------------------------------------
   Mn1   Mn1   ( -1,  -2,   0)  0.1739   (-3.810, -7.620,  0.000)  8.519 
J_iso:  0.1739 
Orbital contributions:
 [[ 0.001  0.    -0.    -0.001  0.001]
 [-0.     0.     0.    -0.     0.   ]
 [-0.     0.    -0.001  0.    -0.   ]
 [-0.002 -0.     0.     0.15   0.014]
 [ 0.001  0.     0.     0.011 -0.001]] 
----------------------------------------------------------------------------------------
   Mn1   Mn1   (  1,   2,   0)  0.1739   ( 3.810,  7.620,  0.000)  8.519 
J_iso:  0.1739 
Orbital contributions:
 [[ 0.001  0.    -0.    -0.001  0.001]
 [-0.     0.     0.    -0.     0.   ]
 [-0.     0.    -0.001  0.    -0.   ]
 [-0.002 -0.     0.     0.15   0.014]
 [ 0.001  0.     0.     0.011 -0.001]] 
----------------------------------------------------------------------------------------
   Mn1   Mn1   ( -1,   0,  -2)  0.1740   (-3.810,  0.000, -7.620)  8.519 
J_iso:  0.1740 
Orbital contributions:
 [[ 0.111  0.017  0.     0.014  0.   ]
 [ 0.013 -0.001  0.    -0.001  0.   ]
 [ 0.    -0.    -0.001 -0.     0.   ]
 [ 0.021 -0.001 -0.     0.001 -0.   ]
 [ 0.     0.     0.    -0.     0.   ]] 
----------------------------------------------------------------------------------------
   Mn1   Mn1   (  1,   0,   2)  0.1740   ( 3.810,  0.000,  7.620)  8.519 
J_iso:  0.1740 
Orbital contributions:
 [[ 0.111  0.017  0.     0.014  0.   ]
 [ 0.013 -0.001  0.    -0.001  0.   ]
 [ 0.    -0.    -0.001 -0.     0.   ]
 [ 0.021 -0.001 -0.     0.001 -0.   ]
 [ 0.     0.     0.    -0.     0.   ]] 
----------------------------------------------------------------------------------------
   Mn1   Mn1   ( -1,   0,   2)  0.1694   (-3.810,  0.000,  7.620)  8.519 
J_iso:  0.1694 
Orbital contributions:
 [[ 0.11   0.013  0.     0.018  0.   ]
 [ 0.016 -0.001 -0.    -0.001  0.   ]
 [ 0.     0.    -0.001 -0.     0.   ]
 [ 0.015 -0.001 -0.     0.001 -0.   ]
 [ 0.     0.     0.    -0.     0.   ]] 
----------------------------------------------------------------------------------------
   Mn1   Mn1   (  1,   0,  -2)  0.1694   ( 3.810,  0.000, -7.620)  8.519 
J_iso:  0.1694 
Orbital contributions:
 [[ 0.11   0.013  0.     0.018  0.   ]
 [ 0.016 -0.001 -0.    -0.001  0.   ]
 [ 0.     0.    -0.001 -0.     0.   ]
 [ 0.015 -0.001 -0.     0.001 -0.   ]
 [ 0.     0.     0.    -0.     0.   ]] 
----------------------------------------------------------------------------------------
   Mn1   Mn1   ( -1,   2,   0)  0.1694   (-3.810,  7.620,  0.000)  8.519 
J_iso:  0.1694 
Orbital contributions:
 [[ 0.001 -0.    -0.    -0.002  0.001]
 [ 0.     0.     0.    -0.     0.   ]
 [-0.     0.    -0.001  0.     0.   ]
 [-0.002 -0.     0.     0.146  0.011]
 [ 0.002  0.    -0.     0.013 -0.001]] 
----------------------------------------------------------------------------------------
   Mn1   Mn1   (  1,  -2,   0)  0.1694   ( 3.810, -7.620,  0.000)  8.519 
J_iso:  0.1694 
Orbital contributions:
 [[ 0.001 -0.    -0.    -0.002  0.001]
 [ 0.     0.     0.    -0.     0.   ]
 [-0.     0.    -0.001  0.     0.   ]
 [-0.002 -0.     0.     0.146  0.011]
 [ 0.002  0.    -0.     0.013 -0.001]] 
----------------------------------------------------------------------------------------
   Mn1   Mn1   (  0,  -2,  -1)  0.1739   ( 0.000, -7.620, -3.810)  8.519 
J_iso:  0.1739 
Orbital contributions:
 [[ 0.054 -0.     0.006  0.042 -0.   ]
 [-0.     0.     0.     0.     0.   ]
 [ 0.004  0.    -0.001  0.009  0.   ]
 [ 0.036  0.     0.01   0.015 -0.   ]
 [-0.     0.    -0.     0.    -0.001]] 
----------------------------------------------------------------------------------------
   Mn1   Mn1   (  0,   2,   1)  0.1739   ( 0.000,  7.620,  3.810)  8.519 
J_iso:  0.1739 
Orbital contributions:
 [[ 0.054 -0.     0.006  0.042 -0.   ]
 [-0.     0.     0.     0.     0.   ]
 [ 0.004  0.    -0.001  0.009  0.   ]
 [ 0.036  0.     0.01   0.015 -0.   ]
 [-0.     0.    -0.     0.    -0.001]] 
----------------------------------------------------------------------------------------
   Mn1   Mn1   (  0,  -2,   1)  0.1694   ( 0.000, -7.620,  3.810)  8.519 
J_iso:  0.1694 
Orbital contributions:
 [[ 0.052 -0.     0.005  0.04  -0.   ]
 [-0.     0.     0.    -0.     0.   ]
 [ 0.004  0.    -0.001  0.008  0.   ]
 [ 0.036  0.     0.01   0.015 -0.   ]
 [-0.     0.    -0.     0.    -0.001]] 
----------------------------------------------------------------------------------------
   Mn1   Mn1   (  0,   2,  -1)  0.1694   ( 0.000,  7.620, -3.810)  8.519 
J_iso:  0.1694 
Orbital contributions:
 [[ 0.052 -0.     0.005  0.04  -0.   ]
 [-0.     0.     0.    -0.     0.   ]
 [ 0.004  0.    -0.001  0.008  0.   ]
 [ 0.036  0.     0.01   0.015 -0.   ]
 [-0.     0.    -0.     0.    -0.001]] 
----------------------------------------------------------------------------------------
   Mn1   Mn1   (  0,  -1,  -2)  0.1740   ( 0.000, -3.810, -7.620)  8.519 
J_iso:  0.1740 
Orbital contributions:
 [[ 0.111  0.     0.017  0.014  0.   ]
 [ 0.    -0.001 -0.    -0.     0.   ]
 [ 0.013  0.    -0.001 -0.001  0.   ]
 [ 0.021 -0.    -0.001  0.001 -0.   ]
 [ 0.     0.     0.    -0.     0.   ]] 
----------------------------------------------------------------------------------------
   Mn1   Mn1   (  0,   1,   2)  0.1740   ( 0.000,  3.810,  7.620)  8.519 
J_iso:  0.1740 
Orbital contributions:
 [[ 0.111  0.     0.017  0.014  0.   ]
 [ 0.    -0.001 -0.    -0.     0.   ]
 [ 0.013  0.    -0.001 -0.001  0.   ]
 [ 0.021 -0.    -0.001  0.001 -0.   ]
 [ 0.     0.     0.    -0.     0.   ]] 
----------------------------------------------------------------------------------------
   Mn1   Mn1   (  0,  -1,   2)  0.1694   ( 0.000, -3.810,  7.620)  8.519 
J_iso:  0.1694 
Orbital contributions:
 [[ 0.11   0.     0.013  0.018  0.   ]
 [ 0.    -0.001  0.    -0.     0.   ]
 [ 0.016 -0.    -0.001 -0.001  0.   ]
 [ 0.015 -0.    -0.001  0.001 -0.   ]
 [ 0.     0.     0.    -0.     0.   ]] 
----------------------------------------------------------------------------------------
   Mn1   Mn1   (  0,   1,  -2)  0.1694   ( 0.000,  3.810, -7.620)  8.519 
J_iso:  0.1694 
Orbital contributions:
 [[ 0.11   0.     0.013  0.018  0.   ]
 [ 0.    -0.001  0.    -0.     0.   ]
 [ 0.016 -0.    -0.001 -0.001  0.   ]
 [ 0.015 -0.    -0.001  0.001 -0.   ]
 [ 0.     0.     0.    -0.     0.   ]] 
----------------------------------------------------------------------------------------
   Mn1   Mn1   ( -2,  -1,  -1) -0.0006   (-7.620, -3.810, -3.810)  9.333 
J_iso: -0.0006 
Orbital contributions:
 [[ 0.001 -0.    -0.    -0.    -0.   ]
 [-0.    -0.     0.     0.     0.   ]
 [-0.     0.     0.    -0.001  0.   ]
 [-0.     0.    -0.001  0.002  0.   ]
 [ 0.     0.     0.     0.    -0.   ]] 
----------------------------------------------------------------------------------------
   Mn1   Mn1   (  2,   1,   1) -0.0006   ( 7.620,  3.810,  3.810)  9.333 
J_iso: -0.0006 
Orbital contributions:
 [[ 0.001 -0.    -0.    -0.    -0.   ]
 [-0.    -0.     0.     0.     0.   ]
 [-0.     0.     0.    -0.001  0.   ]
 [-0.     0.    -0.001  0.002  0.   ]
 [ 0.     0.     0.     0.    -0.   ]] 
----------------------------------------------------------------------------------------
   Mn1   Mn1   ( -2,  -1,   1) -0.0005   (-7.620, -3.810,  3.810)  9.333 
J_iso: -0.0005 
Orbital contributions:
 [[ 0.001 -0.    -0.    -0.     0.   ]
 [-0.    -0.     0.     0.     0.   ]
 [-0.     0.     0.    -0.001  0.   ]
 [-0.     0.    -0.001  0.002  0.   ]
 [ 0.     0.     0.     0.    -0.   ]] 
----------------------------------------------------------------------------------------
   Mn1   Mn1   (  2,   1,  -1) -0.0005   ( 7.620,  3.810, -3.810)  9.333 
J_iso: -0.0005 
Orbital contributions:
 [[ 0.001 -0.    -0.    -0.     0.   ]
 [-0.    -0.     0.     0.     0.   ]
 [-0.     0.     0.    -0.001  0.   ]
 [-0.     0.    -0.001  0.002  0.   ]
 [ 0.     0.     0.     0.    -0.   ]] 
----------------------------------------------------------------------------------------
   Mn1   Mn1   ( -2,   1,  -1) -0.0005   (-7.620,  3.810, -3.810)  9.333 
J_iso: -0.0005 
Orbital contributions:
 [[ 0.001 -0.    -0.    -0.     0.   ]
 [-0.    -0.     0.     0.     0.   ]
 [-0.     0.     0.    -0.001  0.   ]
 [-0.     0.    -0.001  0.002  0.   ]
 [ 0.     0.     0.     0.    -0.   ]] 
----------------------------------------------------------------------------------------
   Mn1   Mn1   (  2,  -1,   1) -0.0005   ( 7.620, -3.810,  3.810)  9.333 
J_iso: -0.0005 
Orbital contributions:
 [[ 0.001 -0.    -0.    -0.     0.   ]
 [-0.    -0.     0.     0.     0.   ]
 [-0.     0.     0.    -0.001  0.   ]
 [-0.     0.    -0.001  0.002  0.   ]
 [ 0.     0.     0.     0.    -0.   ]] 
----------------------------------------------------------------------------------------
   Mn1   Mn1   ( -2,   1,   1) -0.0005   (-7.620,  3.810,  3.810)  9.333 
J_iso: -0.0005 
Orbital contributions:
 [[ 0.    -0.    -0.    -0.     0.   ]
 [-0.    -0.     0.     0.     0.   ]
 [-0.     0.     0.    -0.001  0.   ]
 [-0.     0.    -0.001  0.001  0.   ]
 [ 0.     0.     0.     0.    -0.   ]] 
----------------------------------------------------------------------------------------
   Mn1   Mn1   (  2,  -1,  -1) -0.0005   ( 7.620, -3.810, -3.810)  9.333 
J_iso: -0.0005 
Orbital contributions:
 [[ 0.    -0.    -0.    -0.     0.   ]
 [-0.    -0.     0.     0.     0.   ]
 [-0.     0.     0.    -0.001  0.   ]
 [-0.     0.    -0.001  0.001  0.   ]
 [ 0.     0.     0.     0.    -0.   ]] 
----------------------------------------------------------------------------------------
   Mn1   Mn1   ( -1,  -2,  -1) -0.0006   (-3.810, -7.620, -3.810)  9.333 
J_iso: -0.0006 
Orbital contributions:
 [[ 0.001 -0.    -0.    -0.    -0.   ]
 [-0.     0.     0.    -0.001  0.   ]
 [-0.     0.    -0.     0.     0.   ]
 [-0.    -0.001  0.     0.002  0.   ]
 [ 0.     0.     0.     0.    -0.   ]] 
----------------------------------------------------------------------------------------
   Mn1   Mn1   (  1,   2,   1) -0.0006   ( 3.810,  7.620,  3.810)  9.333 
J_iso: -0.0006 
Orbital contributions:
 [[ 0.001 -0.    -0.    -0.    -0.   ]
 [-0.     0.     0.    -0.001  0.   ]
 [-0.     0.    -0.     0.     0.   ]
 [-0.    -0.001  0.     0.002  0.   ]
 [ 0.     0.     0.     0.    -0.   ]] 
----------------------------------------------------------------------------------------
   Mn1   Mn1   ( -1,  -2,   1) -0.0005   (-3.810, -7.620,  3.810)  9.333 
J_iso: -0.0005 
Orbital contributions:
 [[ 0.001 -0.    -0.    -0.     0.   ]
 [-0.     0.     0.    -0.001  0.   ]
 [-0.     0.    -0.     0.     0.   ]
 [-0.    -0.001  0.     0.002  0.   ]
 [ 0.     0.     0.     0.    -0.   ]] 
----------------------------------------------------------------------------------------
   Mn1   Mn1   (  1,   2,  -1) -0.0005   ( 3.810,  7.620, -3.810)  9.333 
J_iso: -0.0005 
Orbital contributions:
 [[ 0.001 -0.    -0.    -0.     0.   ]
 [-0.     0.     0.    -0.001  0.   ]
 [-0.     0.    -0.     0.     0.   ]
 [-0.    -0.001  0.     0.002  0.   ]
 [ 0.     0.     0.     0.    -0.   ]] 
----------------------------------------------------------------------------------------
   Mn1   Mn1   ( -1,  -1,  -2) -0.0006   (-3.810, -3.810, -7.620)  9.333 
J_iso: -0.0006 
Orbital contributions:
 [[ 0.002  0.     0.    -0.    -0.001]
 [ 0.    -0.     0.    -0.     0.   ]
 [ 0.     0.    -0.    -0.     0.   ]
 [ 0.    -0.    -0.     0.    -0.   ]
 [-0.001  0.     0.    -0.     0.   ]] 
----------------------------------------------------------------------------------------
   Mn1   Mn1   (  1,   1,   2) -0.0006   ( 3.810,  3.810,  7.620)  9.333 
J_iso: -0.0006 
Orbital contributions:
 [[ 0.002  0.     0.    -0.    -0.001]
 [ 0.    -0.     0.    -0.     0.   ]
 [ 0.     0.    -0.    -0.     0.   ]
 [ 0.    -0.    -0.     0.    -0.   ]
 [-0.001  0.     0.    -0.     0.   ]] 
----------------------------------------------------------------------------------------
   Mn1   Mn1   ( -1,  -1,   2) -0.0005   (-3.810, -3.810,  7.620)  9.333 
J_iso: -0.0005 
Orbital contributions:
 [[ 0.002  0.     0.    -0.    -0.001]
 [ 0.    -0.     0.    -0.     0.   ]
 [ 0.     0.    -0.    -0.     0.   ]
 [ 0.    -0.    -0.    -0.     0.   ]
 [-0.001  0.     0.    -0.     0.   ]] 
----------------------------------------------------------------------------------------
   Mn1   Mn1   (  1,   1,  -2) -0.0005   ( 3.810,  3.810, -7.620)  9.333 
J_iso: -0.0005 
Orbital contributions:
 [[ 0.002  0.     0.    -0.    -0.001]
 [ 0.    -0.     0.    -0.     0.   ]
 [ 0.     0.    -0.    -0.     0.   ]
 [ 0.    -0.    -0.    -0.     0.   ]
 [-0.001  0.     0.    -0.     0.   ]] 
----------------------------------------------------------------------------------------
   Mn1   Mn1   ( -1,   1,  -2) -0.0005   (-3.810,  3.810, -7.620)  9.333 
J_iso: -0.0005 
Orbital contributions:
 [[ 0.002  0.     0.    -0.    -0.001]
 [ 0.    -0.     0.    -0.     0.   ]
 [ 0.     0.    -0.    -0.     0.   ]
 [-0.    -0.    -0.     0.     0.   ]
 [-0.001  0.     0.    -0.     0.   ]] 
----------------------------------------------------------------------------------------
   Mn1   Mn1   (  1,  -1,   2) -0.0005   ( 3.810, -3.810,  7.620)  9.333 
J_iso: -0.0005 
Orbital contributions:
 [[ 0.002  0.     0.    -0.    -0.001]
 [ 0.    -0.     0.    -0.     0.   ]
 [ 0.     0.    -0.    -0.     0.   ]
 [-0.    -0.    -0.     0.     0.   ]
 [-0.001  0.     0.    -0.     0.   ]] 
----------------------------------------------------------------------------------------
   Mn1   Mn1   ( -1,   1,   2) -0.0005   (-3.810,  3.810,  7.620)  9.333 
J_iso: -0.0005 
Orbital contributions:
 [[ 0.002  0.     0.    -0.    -0.001]
 [ 0.    -0.     0.    -0.     0.   ]
 [ 0.     0.    -0.    -0.     0.   ]
 [-0.    -0.    -0.     0.    -0.   ]
 [-0.001  0.     0.     0.     0.   ]] 
----------------------------------------------------------------------------------------
   Mn1   Mn1   (  1,  -1,  -2) -0.0005   ( 3.810, -3.810, -7.620)  9.333 
J_iso: -0.0005 
Orbital contributions:
 [[ 0.002  0.     0.    -0.    -0.001]
 [ 0.    -0.     0.    -0.     0.   ]
 [ 0.     0.    -0.    -0.     0.   ]
 [-0.    -0.    -0.     0.    -0.   ]
 [-0.001  0.     0.     0.     0.   ]] 
----------------------------------------------------------------------------------------
   Mn1   Mn1   ( -1,   2,  -1) -0.0005   (-3.810,  7.620, -3.810)  9.333 
J_iso: -0.0005 
Orbital contributions:
 [[ 0.    -0.    -0.    -0.     0.   ]
 [-0.     0.     0.    -0.001  0.   ]
 [-0.     0.    -0.     0.     0.   ]
 [-0.    -0.001  0.     0.001  0.   ]
 [ 0.     0.     0.     0.    -0.   ]] 
----------------------------------------------------------------------------------------
   Mn1   Mn1   (  1,  -2,   1) -0.0005   ( 3.810, -7.620,  3.810)  9.333 
J_iso: -0.0005 
Orbital contributions:
 [[ 0.    -0.    -0.    -0.     0.   ]
 [-0.     0.     0.    -0.001  0.   ]
 [-0.     0.    -0.     0.     0.   ]
 [-0.    -0.001  0.     0.001  0.   ]
 [ 0.     0.     0.     0.    -0.   ]] 
----------------------------------------------------------------------------------------
   Mn1   Mn1   ( -1,   2,   1) -0.0005   (-3.810,  7.620,  3.810)  9.333 
J_iso: -0.0005 
Orbital contributions:
 [[ 0.001 -0.    -0.    -0.     0.   ]
 [-0.     0.     0.    -0.001  0.   ]
 [-0.     0.    -0.     0.     0.   ]
 [-0.    -0.001  0.     0.002  0.   ]
 [ 0.     0.     0.     0.    -0.   ]] 
----------------------------------------------------------------------------------------
   Mn1   Mn1   (  1,  -2,  -1) -0.0005   ( 3.810, -7.620, -3.810)  9.333 
J_iso: -0.0005 
Orbital contributions:
 [[ 0.001 -0.    -0.    -0.     0.   ]
 [-0.     0.     0.    -0.001  0.   ]
 [-0.     0.    -0.     0.     0.   ]
 [-0.    -0.001  0.     0.002  0.   ]
 [ 0.     0.     0.     0.    -0.   ]] 
----------------------------------------------------------------------------------------
   Mn1   Mn1   ( -2,  -2,   0) -0.1243   (-7.620, -7.620,  0.000) 10.776 
J_iso: -0.1243 
Orbital contributions:
 [[-0.002 -0.    -0.    -0.    -0.001]
 [-0.    -0.    -0.     0.    -0.   ]
 [-0.    -0.    -0.     0.    -0.   ]
 [-0.     0.     0.    -0.096  0.   ]
 [-0.001  0.     0.    -0.    -0.025]] 
----------------------------------------------------------------------------------------
   Mn1   Mn1   (  2,   2,   0) -0.1243   ( 7.620,  7.620,  0.000) 10.776 
J_iso: -0.1243 
Orbital contributions:
 [[-0.002 -0.    -0.    -0.    -0.001]
 [-0.    -0.    -0.     0.    -0.   ]
 [-0.    -0.    -0.     0.    -0.   ]
 [-0.     0.     0.    -0.096  0.   ]
 [-0.001  0.     0.    -0.    -0.025]] 
----------------------------------------------------------------------------------------
   Mn1   Mn1   ( -2,   0,  -2) -0.1244   (-7.620,  0.000, -7.620) 10.776 
J_iso: -0.1244 
Orbital contributions:
 [[-0.047 -0.    -0.    -0.026 -0.   ]
 [-0.    -0.025  0.    -0.001  0.   ]
 [ 0.    -0.    -0.    -0.    -0.   ]
 [-0.026 -0.001 -0.     0.    -0.   ]
 [-0.    -0.    -0.    -0.    -0.   ]] 
----------------------------------------------------------------------------------------
   Mn1   Mn1   (  2,   0,   2) -0.1244   ( 7.620,  0.000,  7.620) 10.776 
J_iso: -0.1244 
Orbital contributions:
 [[-0.047 -0.    -0.    -0.026 -0.   ]
 [-0.    -0.025  0.    -0.001  0.   ]
 [ 0.    -0.    -0.    -0.    -0.   ]
 [-0.026 -0.001 -0.     0.    -0.   ]
 [-0.    -0.    -0.    -0.    -0.   ]] 
----------------------------------------------------------------------------------------
   Mn1   Mn1   ( -2,   0,   2) -0.1377   (-7.620,  0.000,  7.620) 10.776 
J_iso: -0.1377 
Orbital contributions:
 [[-0.052 -0.     0.    -0.032 -0.   ]
 [-0.    -0.027  0.    -0.001 -0.   ]
 [-0.    -0.    -0.    -0.    -0.   ]
 [-0.025 -0.001 -0.     0.    -0.   ]
 [-0.     0.    -0.    -0.    -0.   ]] 
----------------------------------------------------------------------------------------
   Mn1   Mn1   (  2,   0,  -2) -0.1377   ( 7.620,  0.000, -7.620) 10.776 
J_iso: -0.1377 
Orbital contributions:
 [[-0.052 -0.     0.    -0.032 -0.   ]
 [-0.    -0.027  0.    -0.001 -0.   ]
 [-0.    -0.    -0.    -0.    -0.   ]
 [-0.025 -0.001 -0.     0.    -0.   ]
 [-0.     0.    -0.    -0.    -0.   ]] 
----------------------------------------------------------------------------------------
   Mn1   Mn1   ( -2,   2,   0) -0.1377   (-7.620,  7.620,  0.000) 10.776 
J_iso: -0.1377 
Orbital contributions:
 [[-0.002 -0.    -0.    -0.    -0.001]
 [-0.    -0.    -0.     0.     0.   ]
 [-0.    -0.    -0.     0.    -0.   ]
 [-0.     0.     0.    -0.106 -0.   ]
 [-0.001 -0.     0.    -0.    -0.027]] 
----------------------------------------------------------------------------------------
   Mn1   Mn1   (  2,  -2,   0) -0.1377   ( 7.620, -7.620,  0.000) 10.776 
J_iso: -0.1377 
Orbital contributions:
 [[-0.002 -0.    -0.    -0.    -0.001]
 [-0.    -0.    -0.     0.     0.   ]
 [-0.    -0.    -0.     0.    -0.   ]
 [-0.     0.     0.    -0.106 -0.   ]
 [-0.001 -0.     0.    -0.    -0.027]] 
----------------------------------------------------------------------------------------
   Mn1   Mn1   (  0,  -2,  -2) -0.1244   ( 0.000, -7.620, -7.620) 10.776 
J_iso: -0.1244 
Orbital contributions:
 [[-0.047 -0.    -0.    -0.026 -0.   ]
 [ 0.    -0.    -0.    -0.    -0.   ]
 [-0.     0.    -0.025 -0.001  0.   ]
 [-0.026 -0.    -0.001  0.    -0.   ]
 [-0.    -0.    -0.    -0.    -0.   ]] 
----------------------------------------------------------------------------------------
   Mn1   Mn1   (  0,   2,   2) -0.1244   ( 0.000,  7.620,  7.620) 10.776 
J_iso: -0.1244 
Orbital contributions:
 [[-0.047 -0.    -0.    -0.026 -0.   ]
 [ 0.    -0.    -0.    -0.    -0.   ]
 [-0.     0.    -0.025 -0.001  0.   ]
 [-0.026 -0.    -0.001  0.    -0.   ]
 [-0.    -0.    -0.    -0.    -0.   ]] 
----------------------------------------------------------------------------------------
   Mn1   Mn1   (  0,  -2,   2) -0.1377   ( 0.000, -7.620,  7.620) 10.776 
J_iso: -0.1377 
Orbital contributions:
 [[-0.052  0.    -0.    -0.032 -0.   ]
 [-0.    -0.    -0.    -0.    -0.   ]
 [-0.     0.    -0.027 -0.001 -0.   ]
 [-0.025 -0.    -0.001  0.    -0.   ]
 [-0.    -0.     0.    -0.    -0.   ]] 
----------------------------------------------------------------------------------------
   Mn1   Mn1   (  0,   2,  -2) -0.1377   ( 0.000,  7.620, -7.620) 10.776 
J_iso: -0.1377 
Orbital contributions:
 [[-0.052  0.    -0.    -0.032 -0.   ]
 [-0.    -0.    -0.    -0.    -0.   ]
 [-0.     0.    -0.027 -0.001 -0.   ]
 [-0.025 -0.    -0.001  0.    -0.   ]
 [-0.    -0.     0.    -0.    -0.   ]] 
----------------------------------------------------------------------------------------
   Mn1   Mn1   ( -2,  -2,  -1)  0.0002   (-7.620, -7.620, -3.810) 11.430 
J_iso:  0.0002 
Orbital contributions:
 [[-0.001 -0.    -0.    -0.     0.   ]
 [-0.    -0.     0.    -0.    -0.   ]
 [-0.     0.    -0.    -0.    -0.   ]
 [-0.    -0.    -0.     0.002  0.   ]
 [-0.    -0.    -0.     0.    -0.001]] 
----------------------------------------------------------------------------------------
   Mn1   Mn1   (  2,   2,   1)  0.0002   ( 7.620,  7.620,  3.810) 11.430 
J_iso:  0.0002 
Orbital contributions:
 [[-0.001 -0.    -0.    -0.     0.   ]
 [-0.    -0.     0.    -0.    -0.   ]
 [-0.     0.    -0.    -0.    -0.   ]
 [-0.    -0.    -0.     0.002  0.   ]
 [-0.    -0.    -0.     0.    -0.001]] 
----------------------------------------------------------------------------------------
   Mn1   Mn1   ( -2,  -2,   1)  0.0003   (-7.620, -7.620,  3.810) 11.430 
J_iso:  0.0003 
Orbital contributions:
 [[-0.001 -0.    -0.     0.     0.   ]
 [-0.    -0.     0.    -0.    -0.   ]
 [-0.     0.    -0.    -0.    -0.   ]
 [ 0.    -0.    -0.     0.002 -0.   ]
 [ 0.    -0.    -0.     0.    -0.001]] 
----------------------------------------------------------------------------------------
   Mn1   Mn1   (  2,   2,  -1)  0.0003   ( 7.620,  7.620, -3.810) 11.430 
J_iso:  0.0003 
Orbital contributions:
 [[-0.001 -0.    -0.     0.     0.   ]
 [-0.    -0.     0.    -0.    -0.   ]
 [-0.     0.    -0.    -0.    -0.   ]
 [ 0.    -0.    -0.     0.002 -0.   ]
 [ 0.    -0.    -0.     0.    -0.001]] 
----------------------------------------------------------------------------------------
   Mn1   Mn1   ( -2,  -1,  -2)  0.0002   (-7.620, -3.810, -7.620) 11.430 
J_iso:  0.0002 
Orbital contributions:
 [[ 0.001  0.     0.     0.    -0.   ]
 [-0.    -0.001 -0.    -0.    -0.   ]
 [-0.    -0.    -0.    -0.     0.   ]
 [ 0.     0.    -0.    -0.     0.   ]
 [-0.    -0.     0.     0.    -0.   ]] 
----------------------------------------------------------------------------------------
   Mn1   Mn1   (  2,   1,   2)  0.0002   ( 7.620,  3.810,  7.620) 11.430 
J_iso:  0.0002 
Orbital contributions:
 [[ 0.001  0.     0.     0.    -0.   ]
 [-0.    -0.001 -0.    -0.    -0.   ]
 [-0.    -0.    -0.    -0.     0.   ]
 [ 0.     0.    -0.    -0.     0.   ]
 [-0.    -0.     0.     0.    -0.   ]] 
----------------------------------------------------------------------------------------
   Mn1   Mn1   ( -2,  -1,   2)  0.0002   (-7.620, -3.810,  7.620) 11.430 
J_iso:  0.0002 
Orbital contributions:
 [[ 0.001  0.    -0.    -0.    -0.   ]
 [-0.    -0.001 -0.     0.    -0.   ]
 [ 0.    -0.    -0.    -0.     0.   ]
 [ 0.     0.    -0.    -0.     0.   ]
 [-0.    -0.     0.     0.    -0.   ]] 
----------------------------------------------------------------------------------------
   Mn1   Mn1   (  2,   1,  -2)  0.0002   ( 7.620,  3.810, -7.620) 11.430 
J_iso:  0.0002 
Orbital contributions:
 [[ 0.001  0.    -0.    -0.    -0.   ]
 [-0.    -0.001 -0.     0.    -0.   ]
 [ 0.    -0.    -0.    -0.     0.   ]
 [ 0.     0.    -0.    -0.     0.   ]
 [-0.    -0.     0.     0.    -0.   ]] 
----------------------------------------------------------------------------------------
   Mn1   Mn1   ( -2,   1,  -2)  0.0003   (-7.620,  3.810, -7.620) 11.430 
J_iso:  0.0003 
Orbital contributions:
 [[ 0.001  0.     0.     0.    -0.   ]
 [ 0.    -0.001 -0.     0.    -0.   ]
 [-0.    -0.    -0.    -0.     0.   ]
 [ 0.     0.    -0.    -0.     0.   ]
 [-0.    -0.     0.     0.    -0.   ]] 
----------------------------------------------------------------------------------------
   Mn1   Mn1   (  2,  -1,   2)  0.0003   ( 7.620, -3.810,  7.620) 11.430 
J_iso:  0.0003 
Orbital contributions:
 [[ 0.001  0.     0.     0.    -0.   ]
 [ 0.    -0.001 -0.     0.    -0.   ]
 [-0.    -0.    -0.    -0.     0.   ]
 [ 0.     0.    -0.    -0.     0.   ]
 [-0.    -0.     0.     0.    -0.   ]] 
----------------------------------------------------------------------------------------
   Mn1   Mn1   ( -2,   1,   2)  0.0002   (-7.620,  3.810,  7.620) 11.430 
J_iso:  0.0002 
Orbital contributions:
 [[ 0.001  0.    -0.    -0.    -0.   ]
 [-0.    -0.001 -0.     0.    -0.   ]
 [ 0.    -0.    -0.    -0.     0.   ]
 [ 0.     0.    -0.    -0.     0.   ]
 [-0.    -0.     0.     0.    -0.   ]] 
----------------------------------------------------------------------------------------
   Mn1   Mn1   (  2,  -1,  -2)  0.0002   ( 7.620, -3.810, -7.620) 11.430 
J_iso:  0.0002 
Orbital contributions:
 [[ 0.001  0.    -0.    -0.    -0.   ]
 [-0.    -0.001 -0.     0.    -0.   ]
 [ 0.    -0.    -0.    -0.     0.   ]
 [ 0.     0.    -0.    -0.     0.   ]
 [-0.    -0.     0.     0.    -0.   ]] 
----------------------------------------------------------------------------------------
   Mn1   Mn1   ( -2,   2,  -1)  0.0002   (-7.620,  7.620, -3.810) 11.430 
J_iso:  0.0002 
Orbital contributions:
 [[-0.001 -0.    -0.    -0.     0.   ]
 [-0.    -0.     0.    -0.    -0.   ]
 [-0.     0.    -0.    -0.    -0.   ]
 [-0.    -0.    -0.     0.002  0.   ]
 [ 0.    -0.    -0.     0.    -0.001]] 
----------------------------------------------------------------------------------------
   Mn1   Mn1   (  2,  -2,   1)  0.0002   ( 7.620, -7.620,  3.810) 11.430 
J_iso:  0.0002 
Orbital contributions:
 [[-0.001 -0.    -0.    -0.     0.   ]
 [-0.    -0.     0.    -0.    -0.   ]
 [-0.     0.    -0.    -0.    -0.   ]
 [-0.    -0.    -0.     0.002  0.   ]
 [ 0.    -0.    -0.     0.    -0.001]] 
----------------------------------------------------------------------------------------
   Mn1   Mn1   ( -2,   2,   1)  0.0002   (-7.620,  7.620,  3.810) 11.430 
J_iso:  0.0002 
Orbital contributions:
 [[-0.001 -0.    -0.    -0.     0.   ]
 [-0.    -0.     0.    -0.    -0.   ]
 [-0.     0.    -0.    -0.    -0.   ]
 [-0.    -0.    -0.     0.002  0.   ]
 [ 0.    -0.    -0.     0.    -0.001]] 
----------------------------------------------------------------------------------------
   Mn1   Mn1   (  2,  -2,  -1)  0.0002   ( 7.620, -7.620, -3.810) 11.430 
J_iso:  0.0002 
Orbital contributions:
 [[-0.001 -0.    -0.    -0.     0.   ]
 [-0.    -0.     0.    -0.    -0.   ]
 [-0.     0.    -0.    -0.    -0.   ]
 [-0.    -0.    -0.     0.002  0.   ]
 [ 0.    -0.    -0.     0.    -0.001]] 
----------------------------------------------------------------------------------------
   Mn1   Mn1   ( -1,  -2,  -2)  0.0002   (-3.810, -7.620, -7.620) 11.430 
J_iso:  0.0002 
Orbital contributions:
 [[ 0.001  0.     0.     0.    -0.   ]
 [-0.    -0.    -0.    -0.     0.   ]
 [-0.    -0.    -0.001 -0.    -0.   ]
 [ 0.    -0.     0.    -0.     0.   ]
 [-0.     0.    -0.     0.    -0.   ]] 
----------------------------------------------------------------------------------------
   Mn1   Mn1   (  1,   2,   2)  0.0002   ( 3.810,  7.620,  7.620) 11.430 
J_iso:  0.0002 
Orbital contributions:
 [[ 0.001  0.     0.     0.    -0.   ]
 [-0.    -0.    -0.    -0.     0.   ]
 [-0.    -0.    -0.001 -0.    -0.   ]
 [ 0.    -0.     0.    -0.     0.   ]
 [-0.     0.    -0.     0.    -0.   ]] 
----------------------------------------------------------------------------------------
   Mn1   Mn1   ( -1,  -2,   2)  0.0002   (-3.810, -7.620,  7.620) 11.430 
J_iso:  0.0002 
Orbital contributions:
 [[ 0.001 -0.     0.    -0.    -0.   ]
 [ 0.    -0.    -0.    -0.     0.   ]
 [-0.    -0.    -0.001  0.    -0.   ]
 [ 0.    -0.     0.    -0.     0.   ]
 [-0.     0.    -0.     0.    -0.   ]] 
----------------------------------------------------------------------------------------
   Mn1   Mn1   (  1,   2,  -2)  0.0002   ( 3.810,  7.620, -7.620) 11.430 
J_iso:  0.0002 
Orbital contributions:
 [[ 0.001 -0.     0.    -0.    -0.   ]
 [ 0.    -0.    -0.    -0.     0.   ]
 [-0.    -0.    -0.001  0.    -0.   ]
 [ 0.    -0.     0.    -0.     0.   ]
 [-0.     0.    -0.     0.    -0.   ]] 
----------------------------------------------------------------------------------------
   Mn1   Mn1   ( -1,   2,  -2)  0.0002   (-3.810,  7.620, -7.620) 11.430 
J_iso:  0.0002 
Orbital contributions:
 [[ 0.001  0.    -0.     0.    -0.   ]
 [-0.    -0.    -0.    -0.     0.   ]
 [ 0.    -0.    -0.001  0.    -0.   ]
 [-0.    -0.     0.    -0.     0.   ]
 [-0.     0.    -0.     0.    -0.   ]] 
----------------------------------------------------------------------------------------
   Mn1   Mn1   (  1,  -2,   2)  0.0002   ( 3.810, -7.620,  7.620) 11.430 
J_iso:  0.0002 
Orbital contributions:
 [[ 0.001  0.    -0.     0.    -0.   ]
 [-0.    -0.    -0.    -0.     0.   ]
 [ 0.    -0.    -0.001  0.    -0.   ]
 [-0.    -0.     0.    -0.     0.   ]
 [-0.     0.    -0.     0.    -0.   ]] 
----------------------------------------------------------------------------------------
   Mn1   Mn1   ( -1,   2,   2)  0.0003   (-3.810,  7.620,  7.620) 11.430 
J_iso:  0.0003 
Orbital contributions:
 [[ 0.001 -0.     0.     0.    -0.   ]
 [ 0.    -0.    -0.    -0.     0.   ]
 [ 0.    -0.    -0.001  0.    -0.   ]
 [ 0.    -0.     0.    -0.     0.   ]
 [-0.     0.    -0.     0.    -0.   ]] 
----------------------------------------------------------------------------------------
   Mn1   Mn1   (  1,  -2,  -2)  0.0003   ( 3.810, -7.620, -7.620) 11.430 
J_iso:  0.0003 
Orbital contributions:
 [[ 0.001 -0.     0.     0.    -0.   ]
 [ 0.    -0.    -0.    -0.     0.   ]
 [ 0.    -0.    -0.001  0.    -0.   ]
 [ 0.    -0.     0.    -0.     0.   ]
 [-0.     0.    -0.     0.    -0.   ]] 
----------------------------------------------------------------------------------------
   Mn1   Mn1   ( -2,  -2,  -2)  0.0055   (-7.620, -7.620, -7.620) 13.198 
J_iso:  0.0055 
Orbital contributions:
 [[ 0.003  0.     0.     0.     0.   ]
 [ 0.    -0.     0.     0.     0.   ]
 [ 0.     0.    -0.     0.     0.   ]
 [ 0.     0.     0.     0.003  0.   ]
 [ 0.     0.     0.     0.    -0.   ]] 
----------------------------------------------------------------------------------------
   Mn1   Mn1   (  2,   2,   2)  0.0055   ( 7.620,  7.620,  7.620) 13.198 
J_iso:  0.0055 
Orbital contributions:
 [[ 0.003  0.     0.     0.     0.   ]
 [ 0.    -0.     0.     0.     0.   ]
 [ 0.     0.    -0.     0.     0.   ]
 [ 0.     0.     0.     0.003  0.   ]
 [ 0.     0.     0.     0.    -0.   ]] 
----------------------------------------------------------------------------------------
   Mn1   Mn1   ( -2,  -2,   2)  0.0056   (-7.620, -7.620,  7.620) 13.198 
J_iso:  0.0056 
Orbital contributions:
 [[ 0.003  0.     0.     0.     0.   ]
 [ 0.    -0.     0.     0.     0.   ]
 [ 0.     0.    -0.     0.     0.   ]
 [ 0.     0.     0.     0.003 -0.   ]
 [ 0.     0.     0.    -0.    -0.   ]] 
----------------------------------------------------------------------------------------
   Mn1   Mn1   (  2,   2,  -2)  0.0056   ( 7.620,  7.620, -7.620) 13.198 
J_iso:  0.0056 
Orbital contributions:
 [[ 0.003  0.     0.     0.     0.   ]
 [ 0.    -0.     0.     0.     0.   ]
 [ 0.     0.    -0.     0.     0.   ]
 [ 0.     0.     0.     0.003 -0.   ]
 [ 0.     0.     0.    -0.    -0.   ]] 
----------------------------------------------------------------------------------------
   Mn1   Mn1   ( -2,   2,  -2)  0.0056   (-7.620,  7.620, -7.620) 13.198 
J_iso:  0.0056 
Orbital contributions:
 [[ 0.003  0.     0.    -0.     0.   ]
 [ 0.    -0.     0.     0.     0.   ]
 [ 0.     0.    -0.     0.     0.   ]
 [-0.     0.     0.     0.003  0.   ]
 [ 0.     0.     0.     0.    -0.   ]] 
----------------------------------------------------------------------------------------
   Mn1   Mn1   (  2,  -2,   2)  0.0056   ( 7.620, -7.620,  7.620) 13.198 
J_iso:  0.0056 
Orbital contributions:
 [[ 0.003  0.     0.    -0.     0.   ]
 [ 0.    -0.     0.     0.     0.   ]
 [ 0.     0.    -0.     0.     0.   ]
 [-0.     0.     0.     0.003  0.   ]
 [ 0.     0.     0.     0.    -0.   ]] 
----------------------------------------------------------------------------------------
   Mn1   Mn1   ( -2,   2,   2)  0.0056   (-7.620,  7.620,  7.620) 13.198 
J_iso:  0.0056 
Orbital contributions:
 [[ 0.003  0.     0.    -0.     0.   ]
 [ 0.    -0.     0.     0.     0.   ]
 [ 0.     0.    -0.     0.     0.   ]
 [-0.     0.     0.     0.003  0.   ]
 [ 0.     0.     0.     0.    -0.   ]] 
----------------------------------------------------------------------------------------
   Mn1   Mn1   (  2,  -2,  -2)  0.0056   ( 7.620, -7.620, -7.620) 13.198 
J_iso:  0.0056 
Orbital contributions:
 [[ 0.003  0.     0.    -0.     0.   ]
 [ 0.    -0.     0.     0.     0.   ]
 [ 0.     0.    -0.     0.     0.   ]
 [-0.     0.     0.     0.003  0.   ]
 [ 0.     0.     0.     0.    -0.   ]] 
