==========================================================================================
Information: 
Exchange parameters generated by TB2J 0.7.7
Generation time: 23/10/22 10:09:21
 Input from collinear Wannier90 data.
 Tight binding data from ./. 
 Prefix of wannier function files:abinito_w90_up and abinito_w90_down.
Warning: Please check if the noise level of Wannier function Hamiltonian to make sure it is much smaller than the exchange values.

==========================================================================================
Cell (Angstrom):
3.80998463  -0.00000000  -0.00000000
0.00000000  3.80998463  0.00000000
0.00000000  0.00000000  3.80998463

==========================================================================================
Atoms:  
(Note: charge and magmoms only count the wannier functions.)
Atom number        x             y             z       w_charge  w_magmom 
Sr1             0.00000000    0.00000000    0.00000000    0.0000    0.0000
Mn1             1.90499231    1.90499231    1.90499231    4.6481    2.9817
O1              1.90499231    1.90499231    0.00000000    5.4824    0.0422
O2              0.00000000    1.90499231    1.90499231    5.4825    0.0422
O3              1.90499231    0.00000000    1.90499231    5.4825    0.0422
Total                                                    21.0955    3.1083

==========================================================================================
Orbitals used in decomposition: 
The name of the orbitals for the decomposition: 
Mn1 : ['orb_1', 'orb_2', 'orb_3', 'orb_4', 'orb_5']

==========================================================================================
Exchange: 
    i      j          R        J_iso(meV)          vector          distance(A) 
----------------------------------------------------------------------------------------
   Mn1   Mn1   (  0,   0,   1) -7.1027   ( 0.000,  0.000,  3.810)  3.810 
J_iso: -7.1027 
Orbital contributions:
 isotropic J:
 [[ 3.184 -0.    -0.     0.    -0.   ]
 [-0.    -5.06   0.    -0.     0.   ]
 [-0.     0.    -5.06  -0.     0.   ]
 [ 0.    -0.    -0.    -0.121  0.   ]
 [-0.     0.     0.    -0.    -0.047]] 
----------------------------------------------------------------------------------------
   Mn1   Mn1   (  0,   1,   0) -7.1016   ( 0.000,  3.810,  0.000)  3.810 
J_iso: -7.1016 
Orbital contributions:
 isotropic J:
 [[ 0.557 -0.    -0.     0.149  0.   ]
 [-0.    -0.047  0.    -0.     0.   ]
 [-0.     0.    -5.06  -0.     0.   ]
 [ 0.149 -0.    -0.     2.21  -0.   ]
 [-0.     0.     0.    -0.    -5.06 ]] 
----------------------------------------------------------------------------------------
   Mn1   Mn1   (  1,   0,   0) -7.1016   ( 3.810,  0.000,  0.000)  3.810 
J_iso: -7.1016 
Orbital contributions:
 isotropic J:
 [[ 0.557 -0.    -0.     0.149  0.   ]
 [-0.    -5.06   0.    -0.     0.   ]
 [-0.     0.    -0.047 -0.     0.   ]
 [ 0.149 -0.    -0.     2.21  -0.   ]
 [-0.     0.     0.    -0.    -5.06 ]] 
----------------------------------------------------------------------------------------
   Mn1   Mn1   ( -1,   0,   0) -7.1016   (-3.810,  0.000,  0.000)  3.810 
J_iso: -7.1016 
Orbital contributions:
 isotropic J:
 [[ 0.557 -0.    -0.     0.149 -0.   ]
 [-0.    -5.06   0.    -0.     0.   ]
 [-0.     0.    -0.047 -0.     0.   ]
 [ 0.149 -0.    -0.     2.21  -0.   ]
 [ 0.     0.     0.    -0.    -5.06 ]] 
----------------------------------------------------------------------------------------
   Mn1   Mn1   (  0,  -1,   0) -7.1016   ( 0.000, -3.810,  0.000)  3.810 
J_iso: -7.1016 
Orbital contributions:
 isotropic J:
 [[ 0.557 -0.    -0.     0.149 -0.   ]
 [-0.    -0.047  0.    -0.     0.   ]
 [-0.     0.    -5.06  -0.     0.   ]
 [ 0.149 -0.    -0.     2.21  -0.   ]
 [ 0.     0.     0.    -0.    -5.06 ]] 
----------------------------------------------------------------------------------------
   Mn1   Mn1   (  0,   0,  -1) -7.1027   ( 0.000,  0.000, -3.810)  3.810 
J_iso: -7.1027 
Orbital contributions:
 isotropic J:
 [[ 3.184 -0.    -0.     0.    -0.   ]
 [-0.    -5.06   0.    -0.     0.   ]
 [-0.     0.    -5.06  -0.     0.   ]
 [ 0.    -0.    -0.    -0.121 -0.   ]
 [-0.     0.     0.     0.    -0.047]] 
----------------------------------------------------------------------------------------
   Mn1   Mn1   ( -1,   0,   1) -0.5792   (-3.810,  0.000,  3.810)  5.388 
J_iso: -0.5792 
Orbital contributions:
 isotropic J:
 [[ 0.008  0.029  0.     0.009  0.   ]
 [ 0.03  -0.818 -0.     0.088 -0.   ]
 [ 0.    -0.     0.003  0.    -0.011]
 [ 0.005  0.088  0.    -0.001  0.   ]
 [ 0.    -0.    -0.011  0.     0.003]] 
----------------------------------------------------------------------------------------
   Mn1   Mn1   ( -1,   1,   0) -0.5792   (-3.810,  3.810,  0.000)  5.388 
J_iso: -0.5792 
Orbital contributions:
 isotropic J:
 [[ 0.001  0.     0.    -0.     0.117]
 [ 0.     0.003 -0.011  0.    -0.   ]
 [ 0.    -0.011  0.003  0.    -0.   ]
 [-0.     0.     0.     0.019 -0.   ]
 [ 0.117 -0.    -0.    -0.    -0.818]] 
----------------------------------------------------------------------------------------
   Mn1   Mn1   (  0,  -1,   1) -0.5792   ( 0.000, -3.810,  3.810)  5.388 
J_iso: -0.5792 
Orbital contributions:
 isotropic J:
 [[ 0.008  0.     0.029  0.009  0.   ]
 [ 0.     0.003 -0.     0.    -0.011]
 [ 0.03  -0.    -0.818  0.088 -0.   ]
 [ 0.005  0.     0.088 -0.001  0.   ]
 [ 0.    -0.011 -0.     0.     0.003]] 
----------------------------------------------------------------------------------------
   Mn1   Mn1   (  0,   1,  -1) -0.5792   ( 0.000,  3.810, -3.810)  5.388 
J_iso: -0.5792 
Orbital contributions:
 isotropic J:
 [[ 0.008  0.     0.03   0.005  0.   ]
 [ 0.     0.003 -0.     0.    -0.011]
 [ 0.029 -0.    -0.818  0.088 -0.   ]
 [ 0.009  0.     0.088 -0.001  0.   ]
 [ 0.    -0.011 -0.     0.     0.003]] 
----------------------------------------------------------------------------------------
   Mn1   Mn1   (  0,   1,   1) -0.5768   ( 0.000,  3.810,  3.810)  5.388 
J_iso: -0.5768 
Orbital contributions:
 isotropic J:
 [[ 0.009  0.     0.029  0.007  0.   ]
 [ 0.     0.003 -0.     0.    -0.011]
 [ 0.03  -0.    -0.817  0.088 -0.   ]
 [ 0.007  0.     0.087 -0.001  0.   ]
 [ 0.    -0.011 -0.     0.     0.003]] 
----------------------------------------------------------------------------------------
   Mn1   Mn1   (  1,  -1,   0) -0.5792   ( 3.810, -3.810,  0.000)  5.388 
J_iso: -0.5792 
Orbital contributions:
 isotropic J:
 [[ 0.001  0.     0.    -0.     0.117]
 [ 0.     0.003 -0.011  0.    -0.   ]
 [ 0.    -0.011  0.003  0.    -0.   ]
 [-0.     0.     0.     0.019 -0.   ]
 [ 0.117 -0.    -0.    -0.    -0.818]] 
----------------------------------------------------------------------------------------
   Mn1   Mn1   (  1,   0,  -1) -0.5792   ( 3.810,  0.000, -3.810)  5.388 
J_iso: -0.5792 
Orbital contributions:
 isotropic J:
 [[ 0.008  0.03   0.     0.005  0.   ]
 [ 0.029 -0.818 -0.     0.088 -0.   ]
 [ 0.    -0.     0.003  0.    -0.011]
 [ 0.009  0.088  0.    -0.001  0.   ]
 [ 0.    -0.    -0.011  0.     0.003]] 
----------------------------------------------------------------------------------------
   Mn1   Mn1   (  1,   0,   1) -0.5768   ( 3.810,  0.000,  3.810)  5.388 
J_iso: -0.5768 
Orbital contributions:
 isotropic J:
 [[ 0.009  0.029  0.     0.007  0.   ]
 [ 0.03  -0.817 -0.     0.088 -0.   ]
 [ 0.    -0.     0.003  0.    -0.011]
 [ 0.007  0.087  0.    -0.001  0.   ]
 [ 0.    -0.    -0.011  0.     0.003]] 
----------------------------------------------------------------------------------------
   Mn1   Mn1   (  1,   1,   0) -0.5768   ( 3.810,  3.810,  0.000)  5.388 
J_iso: -0.5768 
Orbital contributions:
 isotropic J:
 [[ 0.001  0.     0.     0.     0.116]
 [ 0.     0.003 -0.011  0.    -0.   ]
 [ 0.    -0.011  0.003  0.    -0.   ]
 [-0.    -0.    -0.     0.021 -0.   ]
 [ 0.118 -0.    -0.     0.    -0.817]] 
----------------------------------------------------------------------------------------
   Mn1   Mn1   ( -1,  -1,   0) -0.5768   (-3.810, -3.810,  0.000)  5.388 
J_iso: -0.5768 
Orbital contributions:
 isotropic J:
 [[ 0.001  0.     0.    -0.     0.118]
 [ 0.     0.003 -0.011 -0.    -0.   ]
 [ 0.    -0.011  0.003 -0.    -0.   ]
 [ 0.     0.     0.     0.021  0.   ]
 [ 0.116 -0.    -0.    -0.    -0.817]] 
----------------------------------------------------------------------------------------
   Mn1   Mn1   ( -1,   0,  -1) -0.5768   (-3.810,  0.000, -3.810)  5.388 
J_iso: -0.5768 
Orbital contributions:
 isotropic J:
 [[ 0.009  0.03   0.     0.007  0.   ]
 [ 0.029 -0.817 -0.     0.087 -0.   ]
 [ 0.    -0.     0.003  0.    -0.011]
 [ 0.007  0.088  0.    -0.001  0.   ]
 [ 0.    -0.    -0.011  0.     0.003]] 
----------------------------------------------------------------------------------------
   Mn1   Mn1   (  0,  -1,  -1) -0.5768   ( 0.000, -3.810, -3.810)  5.388 
J_iso: -0.5768 
Orbital contributions:
 isotropic J:
 [[ 0.009  0.     0.03   0.007  0.   ]
 [ 0.     0.003 -0.     0.    -0.011]
 [ 0.029 -0.    -0.817  0.087 -0.   ]
 [ 0.007  0.     0.088 -0.001  0.   ]
 [ 0.    -0.011 -0.     0.     0.003]] 
----------------------------------------------------------------------------------------
   Mn1   Mn1   ( -1,  -1,  -1) -0.0358   (-3.810, -3.810, -3.810)  6.599 
J_iso: -0.0358 
Orbital contributions:
 isotropic J:
 [[-0.    -0.001 -0.001 -0.    -0.003]
 [-0.001 -0.008  0.001 -0.002  0.001]
 [-0.001  0.001 -0.008 -0.002  0.001]
 [-0.    -0.002 -0.002 -0.    -0.   ]
 [-0.002  0.001  0.001 -0.    -0.008]] 
----------------------------------------------------------------------------------------
   Mn1   Mn1   ( -1,  -1,   1) -0.0357   (-3.810, -3.810,  3.810)  6.599 
J_iso: -0.0357 
Orbital contributions:
 isotropic J:
 [[-0.    -0.    -0.    -0.    -0.003]
 [-0.001 -0.008  0.001 -0.002  0.001]
 [-0.001  0.001 -0.008 -0.002  0.001]
 [-0.    -0.002 -0.002 -0.    -0.   ]
 [-0.002  0.001  0.001  0.    -0.008]] 
----------------------------------------------------------------------------------------
   Mn1   Mn1   ( -1,   1,  -1) -0.0357   (-3.810,  3.810, -3.810)  6.599 
J_iso: -0.0357 
Orbital contributions:
 isotropic J:
 [[-0.    -0.001 -0.001 -0.    -0.003]
 [-0.001 -0.008  0.001 -0.002  0.001]
 [-0.     0.001 -0.008 -0.002  0.001]
 [-0.    -0.002 -0.002 -0.     0.   ]
 [-0.002  0.001  0.001  0.    -0.008]] 
----------------------------------------------------------------------------------------
   Mn1   Mn1   ( -1,   1,   1) -0.0357   (-3.810,  3.810,  3.810)  6.599 
J_iso: -0.0357 
Orbital contributions:
 isotropic J:
 [[-0.    -0.    -0.001 -0.    -0.002]
 [-0.001 -0.008  0.001 -0.002  0.001]
 [-0.001  0.001 -0.008 -0.002  0.001]
 [-0.    -0.002 -0.002 -0.     0.   ]
 [-0.003  0.001  0.001  0.    -0.008]] 
----------------------------------------------------------------------------------------
   Mn1   Mn1   (  1,  -1,  -1) -0.0357   ( 3.810, -3.810, -3.810)  6.599 
J_iso: -0.0357 
Orbital contributions:
 isotropic J:
 [[-0.    -0.001 -0.001 -0.    -0.003]
 [-0.    -0.008  0.001 -0.002  0.001]
 [-0.001  0.001 -0.008 -0.002  0.001]
 [-0.    -0.002 -0.002 -0.     0.   ]
 [-0.002  0.001  0.001  0.    -0.008]] 
----------------------------------------------------------------------------------------
   Mn1   Mn1   (  1,  -1,   1) -0.0357   ( 3.810, -3.810,  3.810)  6.599 
J_iso: -0.0357 
Orbital contributions:
 isotropic J:
 [[-0.    -0.001 -0.    -0.    -0.002]
 [-0.001 -0.008  0.001 -0.002  0.001]
 [-0.001  0.001 -0.008 -0.002  0.001]
 [-0.    -0.002 -0.002 -0.     0.   ]
 [-0.003  0.001  0.001  0.    -0.008]] 
----------------------------------------------------------------------------------------
   Mn1   Mn1   (  1,   1,  -1) -0.0357   ( 3.810,  3.810, -3.810)  6.599 
J_iso: -0.0357 
Orbital contributions:
 isotropic J:
 [[-0.    -0.001 -0.001 -0.    -0.002]
 [-0.    -0.008  0.001 -0.002  0.001]
 [-0.     0.001 -0.008 -0.002  0.001]
 [-0.    -0.002 -0.002 -0.     0.   ]
 [-0.003  0.001  0.001 -0.    -0.008]] 
----------------------------------------------------------------------------------------
   Mn1   Mn1   (  1,   1,   1) -0.0358   ( 3.810,  3.810,  3.810)  6.599 
J_iso: -0.0358 
Orbital contributions:
 isotropic J:
 [[-0.    -0.001 -0.001 -0.    -0.002]
 [-0.001 -0.008  0.001 -0.002  0.001]
 [-0.001  0.001 -0.008 -0.002  0.001]
 [-0.    -0.002 -0.002 -0.    -0.   ]
 [-0.003  0.001  0.001 -0.    -0.008]] 
----------------------------------------------------------------------------------------
   Mn1   Mn1   ( -2,   0,   0)  0.7247   (-7.620,  0.000,  0.000)  7.620 
J_iso:  0.7247 
Orbital contributions:
 isotropic J:
 [[ 0.206  0.    -0.    -0.086  0.   ]
 [-0.     0.14  -0.    -0.    -0.   ]
 [-0.    -0.     0.    -0.    -0.   ]
 [-0.086  0.    -0.     0.412  0.   ]
 [-0.    -0.    -0.    -0.     0.14 ]] 
----------------------------------------------------------------------------------------
   Mn1   Mn1   (  0,  -2,   0)  0.7247   ( 0.000, -7.620,  0.000)  7.620 
J_iso:  0.7247 
Orbital contributions:
 isotropic J:
 [[ 0.206 -0.     0.    -0.086  0.   ]
 [-0.     0.    -0.    -0.    -0.   ]
 [-0.    -0.     0.14  -0.    -0.   ]
 [-0.086 -0.     0.     0.412  0.   ]
 [-0.    -0.    -0.    -0.     0.14 ]] 
----------------------------------------------------------------------------------------
   Mn1   Mn1   (  0,   0,  -2)  0.7243   ( 0.000,  0.000, -7.620)  7.620 
J_iso:  0.7243 
Orbital contributions:
 isotropic J:
 [[ 0.428  0.     0.     0.    -0.   ]
 [-0.     0.14  -0.    -0.    -0.   ]
 [-0.    -0.     0.14  -0.    -0.   ]
 [ 0.     0.     0.     0.016 -0.   ]
 [-0.    -0.    -0.    -0.     0.   ]] 
----------------------------------------------------------------------------------------
   Mn1   Mn1   (  0,   0,   2)  0.7243   ( 0.000,  0.000,  7.620)  7.620 
J_iso:  0.7243 
Orbital contributions:
 isotropic J:
 [[ 0.428 -0.    -0.     0.    -0.   ]
 [ 0.     0.14  -0.     0.    -0.   ]
 [ 0.    -0.     0.14   0.    -0.   ]
 [ 0.    -0.    -0.     0.016 -0.   ]
 [-0.    -0.    -0.    -0.     0.   ]] 
----------------------------------------------------------------------------------------
   Mn1   Mn1   (  0,   2,   0)  0.7247   ( 0.000,  7.620,  0.000)  7.620 
J_iso:  0.7247 
Orbital contributions:
 isotropic J:
 [[ 0.206 -0.    -0.    -0.086 -0.   ]
 [-0.     0.    -0.    -0.    -0.   ]
 [ 0.    -0.     0.14   0.    -0.   ]
 [-0.086 -0.    -0.     0.412 -0.   ]
 [ 0.    -0.    -0.     0.     0.14 ]] 
----------------------------------------------------------------------------------------
   Mn1   Mn1   (  2,   0,   0)  0.7247   ( 7.620,  0.000,  0.000)  7.620 
J_iso:  0.7247 
Orbital contributions:
 isotropic J:
 [[ 0.206 -0.    -0.    -0.086 -0.   ]
 [ 0.     0.14  -0.     0.    -0.   ]
 [-0.    -0.     0.    -0.    -0.   ]
 [-0.086 -0.    -0.     0.412 -0.   ]
 [ 0.    -0.    -0.     0.     0.14 ]] 
----------------------------------------------------------------------------------------
   Mn1   Mn1   ( -2,  -1,   0)  0.1743   (-7.620, -3.810,  0.000)  8.519 
J_iso:  0.1743 
Orbital contributions:
 isotropic J:
 [[ 0.001 -0.     0.    -0.002  0.001]
 [-0.    -0.001  0.     0.    -0.   ]
 [-0.     0.     0.    -0.     0.   ]
 [-0.002  0.    -0.     0.151  0.014]
 [ 0.001  0.     0.     0.011 -0.001]] 
----------------------------------------------------------------------------------------
   Mn1   Mn1   ( -2,   0,  -1)  0.1743   (-7.620,  0.000, -3.810)  8.519 
J_iso:  0.1743 
Orbital contributions:
 isotropic J:
 [[ 0.055  0.006 -0.     0.042 -0.   ]
 [ 0.004 -0.001  0.     0.009  0.   ]
 [-0.     0.     0.     0.     0.   ]
 [ 0.036  0.01   0.     0.015 -0.   ]
 [-0.    -0.     0.     0.    -0.001]] 
----------------------------------------------------------------------------------------
   Mn1   Mn1   ( -2,   0,   1)  0.1698   (-7.620,  0.000,  3.810)  8.519 
J_iso:  0.1698 
Orbital contributions:
 isotropic J:
 [[ 0.053  0.005 -0.     0.04  -0.   ]
 [ 0.004 -0.001  0.     0.009 -0.   ]
 [-0.     0.     0.    -0.     0.   ]
 [ 0.036  0.01   0.     0.015 -0.   ]
 [-0.    -0.     0.     0.    -0.001]] 
----------------------------------------------------------------------------------------
   Mn1   Mn1   ( -2,   1,   0)  0.1698   (-7.620,  3.810,  0.000)  8.519 
J_iso:  0.1698 
Orbital contributions:
 isotropic J:
 [[ 0.001 -0.     0.    -0.002  0.002]
 [-0.    -0.001  0.     0.    -0.   ]
 [-0.     0.     0.    -0.     0.   ]
 [-0.002  0.    -0.     0.147  0.013]
 [ 0.001 -0.     0.     0.011 -0.001]] 
----------------------------------------------------------------------------------------
   Mn1   Mn1   ( -1,  -2,   0)  0.1743   (-3.810, -7.620,  0.000)  8.519 
J_iso:  0.1743 
Orbital contributions:
 isotropic J:
 [[ 0.001  0.    -0.    -0.002  0.001]
 [-0.     0.     0.    -0.     0.   ]
 [-0.     0.    -0.001  0.    -0.   ]
 [-0.002 -0.     0.     0.151  0.014]
 [ 0.001  0.     0.     0.011 -0.001]] 
----------------------------------------------------------------------------------------
   Mn1   Mn1   ( -1,   0,  -2)  0.1744   (-3.810,  0.000, -7.620)  8.519 
J_iso:  0.1744 
Orbital contributions:
 isotropic J:
 [[ 0.111  0.017  0.     0.015  0.   ]
 [ 0.013 -0.001  0.    -0.001  0.   ]
 [ 0.    -0.    -0.001 -0.     0.   ]
 [ 0.021 -0.001 -0.     0.001 -0.   ]
 [ 0.     0.     0.    -0.     0.   ]] 
----------------------------------------------------------------------------------------
   Mn1   Mn1   ( -1,   0,   2)  0.1698   (-3.810,  0.000,  7.620)  8.519 
J_iso:  0.1698 
Orbital contributions:
 isotropic J:
 [[ 0.109  0.013  0.     0.019  0.   ]
 [ 0.016 -0.001 -0.    -0.001  0.   ]
 [ 0.    -0.    -0.001 -0.     0.   ]
 [ 0.015 -0.001 -0.     0.001 -0.   ]
 [ 0.     0.     0.    -0.     0.   ]] 
----------------------------------------------------------------------------------------
   Mn1   Mn1   ( -1,   2,   0)  0.1698   (-3.810,  7.620,  0.000)  8.519 
J_iso:  0.1698 
Orbital contributions:
 isotropic J:
 [[ 0.001 -0.    -0.    -0.002  0.001]
 [ 0.     0.     0.    -0.     0.   ]
 [-0.     0.    -0.001  0.    -0.   ]
 [-0.002 -0.     0.     0.147  0.011]
 [ 0.002  0.    -0.     0.013 -0.001]] 
----------------------------------------------------------------------------------------
   Mn1   Mn1   (  0,  -2,  -1)  0.1743   ( 0.000, -7.620, -3.810)  8.519 
J_iso:  0.1743 
Orbital contributions:
 isotropic J:
 [[ 0.055 -0.     0.006  0.042 -0.   ]
 [-0.     0.     0.     0.     0.   ]
 [ 0.004  0.    -0.001  0.009  0.   ]
 [ 0.036  0.     0.01   0.015 -0.   ]
 [-0.     0.    -0.     0.    -0.001]] 
----------------------------------------------------------------------------------------
   Mn1   Mn1   (  0,  -2,   1)  0.1698   ( 0.000, -7.620,  3.810)  8.519 
J_iso:  0.1698 
Orbital contributions:
 isotropic J:
 [[ 0.053 -0.     0.005  0.04  -0.   ]
 [-0.     0.     0.    -0.     0.   ]
 [ 0.004  0.    -0.001  0.009 -0.   ]
 [ 0.036  0.     0.01   0.015 -0.   ]
 [-0.     0.    -0.     0.    -0.001]] 
----------------------------------------------------------------------------------------
   Mn1   Mn1   (  0,  -1,  -2)  0.1744   ( 0.000, -3.810, -7.620)  8.519 
J_iso:  0.1744 
Orbital contributions:
 isotropic J:
 [[ 0.111  0.     0.017  0.015  0.   ]
 [ 0.    -0.001 -0.    -0.     0.   ]
 [ 0.013  0.    -0.001 -0.001  0.   ]
 [ 0.021 -0.    -0.001  0.001 -0.   ]
 [ 0.     0.     0.    -0.     0.   ]] 
----------------------------------------------------------------------------------------
   Mn1   Mn1   (  0,  -1,   2)  0.1698   ( 0.000, -3.810,  7.620)  8.519 
J_iso:  0.1698 
Orbital contributions:
 isotropic J:
 [[ 0.109  0.     0.013  0.019  0.   ]
 [ 0.    -0.001 -0.    -0.     0.   ]
 [ 0.016 -0.    -0.001 -0.001  0.   ]
 [ 0.015 -0.    -0.001  0.001 -0.   ]
 [ 0.     0.     0.    -0.     0.   ]] 
----------------------------------------------------------------------------------------
   Mn1   Mn1   (  0,   1,  -2)  0.1698   ( 0.000,  3.810, -7.620)  8.519 
J_iso:  0.1698 
Orbital contributions:
 isotropic J:
 [[ 0.109  0.     0.016  0.015  0.   ]
 [ 0.    -0.001 -0.    -0.     0.   ]
 [ 0.013 -0.    -0.001 -0.001  0.   ]
 [ 0.019 -0.    -0.001  0.001 -0.   ]
 [ 0.     0.     0.    -0.     0.   ]] 
----------------------------------------------------------------------------------------
   Mn1   Mn1   (  0,   1,   2)  0.1744   ( 0.000,  3.810,  7.620)  8.519 
J_iso:  0.1744 
Orbital contributions:
 isotropic J:
 [[ 0.111  0.     0.013  0.021  0.   ]
 [ 0.    -0.001  0.    -0.     0.   ]
 [ 0.017 -0.    -0.001 -0.001  0.   ]
 [ 0.015 -0.    -0.001  0.001 -0.   ]
 [ 0.     0.     0.    -0.     0.   ]] 
----------------------------------------------------------------------------------------
   Mn1   Mn1   (  0,   2,  -1)  0.1698   ( 0.000,  7.620, -3.810)  8.519 
J_iso:  0.1698 
Orbital contributions:
 isotropic J:
 [[ 0.053 -0.     0.004  0.036 -0.   ]
 [-0.     0.     0.     0.     0.   ]
 [ 0.005  0.    -0.001  0.01  -0.   ]
 [ 0.04  -0.     0.009  0.015  0.   ]
 [-0.     0.    -0.    -0.    -0.001]] 
----------------------------------------------------------------------------------------
   Mn1   Mn1   (  0,   2,   1)  0.1743   ( 0.000,  7.620,  3.810)  8.519 
J_iso:  0.1743 
Orbital contributions:
 isotropic J:
 [[ 0.055 -0.     0.004  0.036 -0.   ]
 [-0.     0.     0.     0.     0.   ]
 [ 0.006  0.    -0.001  0.01  -0.   ]
 [ 0.042  0.     0.009  0.015  0.   ]
 [-0.     0.     0.    -0.    -0.001]] 
----------------------------------------------------------------------------------------
   Mn1   Mn1   (  1,  -2,   0)  0.1698   ( 3.810, -7.620,  0.000)  8.519 
J_iso:  0.1698 
Orbital contributions:
 isotropic J:
 [[ 0.001  0.    -0.    -0.002  0.002]
 [-0.     0.     0.    -0.     0.   ]
 [-0.     0.    -0.001  0.    -0.   ]
 [-0.002 -0.     0.     0.147  0.013]
 [ 0.001  0.    -0.     0.011 -0.001]] 
----------------------------------------------------------------------------------------
   Mn1   Mn1   (  1,   0,  -2)  0.1698   ( 3.810,  0.000, -7.620)  8.519 
J_iso:  0.1698 
Orbital contributions:
 isotropic J:
 [[ 0.109  0.016  0.     0.015  0.   ]
 [ 0.013 -0.001 -0.    -0.001  0.   ]
 [ 0.    -0.    -0.001 -0.     0.   ]
 [ 0.019 -0.001 -0.     0.001 -0.   ]
 [ 0.     0.     0.    -0.     0.   ]] 
----------------------------------------------------------------------------------------
   Mn1   Mn1   (  1,   0,   2)  0.1744   ( 3.810,  0.000,  7.620)  8.519 
J_iso:  0.1744 
Orbital contributions:
 isotropic J:
 [[ 0.111  0.013  0.     0.021  0.   ]
 [ 0.017 -0.001 -0.    -0.001  0.   ]
 [ 0.     0.    -0.001 -0.     0.   ]
 [ 0.015 -0.001 -0.     0.001 -0.   ]
 [ 0.     0.     0.    -0.     0.   ]] 
----------------------------------------------------------------------------------------
   Mn1   Mn1   (  1,   2,   0)  0.1743   ( 3.810,  7.620,  0.000)  8.519 
J_iso:  0.1743 
Orbital contributions:
 isotropic J:
 [[ 0.001 -0.    -0.    -0.002  0.001]
 [ 0.     0.     0.    -0.     0.   ]
 [-0.     0.    -0.001  0.     0.   ]
 [-0.002 -0.     0.     0.151  0.011]
 [ 0.001  0.    -0.     0.014 -0.001]] 
----------------------------------------------------------------------------------------
   Mn1   Mn1   (  2,  -1,   0)  0.1698   ( 7.620, -3.810,  0.000)  8.519 
J_iso:  0.1698 
Orbital contributions:
 isotropic J:
 [[ 0.001 -0.    -0.    -0.002  0.001]
 [-0.    -0.001  0.     0.    -0.   ]
 [ 0.     0.     0.    -0.     0.   ]
 [-0.002  0.    -0.     0.147  0.011]
 [ 0.002 -0.     0.     0.013 -0.001]] 
----------------------------------------------------------------------------------------
   Mn1   Mn1   (  2,   0,  -1)  0.1698   ( 7.620,  0.000, -3.810)  8.519 
J_iso:  0.1698 
Orbital contributions:
 isotropic J:
 [[ 0.053  0.004 -0.     0.036 -0.   ]
 [ 0.005 -0.001  0.     0.01  -0.   ]
 [-0.     0.     0.     0.     0.   ]
 [ 0.04   0.009 -0.     0.015  0.   ]
 [-0.    -0.     0.    -0.    -0.001]] 
----------------------------------------------------------------------------------------
   Mn1   Mn1   (  2,   0,   1)  0.1743   ( 7.620,  0.000,  3.810)  8.519 
J_iso:  0.1743 
Orbital contributions:
 isotropic J:
 [[ 0.055  0.004 -0.     0.036 -0.   ]
 [ 0.006 -0.001  0.     0.01  -0.   ]
 [-0.     0.     0.     0.     0.   ]
 [ 0.042  0.009  0.     0.015  0.   ]
 [-0.     0.     0.    -0.    -0.001]] 
----------------------------------------------------------------------------------------
   Mn1   Mn1   (  2,   1,   0)  0.1743   ( 7.620,  3.810,  0.000)  8.519 
J_iso:  0.1743 
Orbital contributions:
 isotropic J:
 [[ 0.001 -0.    -0.    -0.002  0.001]
 [-0.    -0.001  0.     0.     0.   ]
 [ 0.     0.     0.    -0.     0.   ]
 [-0.002  0.    -0.     0.151  0.011]
 [ 0.001 -0.     0.     0.014 -0.001]] 
----------------------------------------------------------------------------------------
   Mn1   Mn1   ( -2,  -1,  -1) -0.0007   (-7.620, -3.810, -3.810)  9.333 
J_iso: -0.0007 
Orbital contributions:
 isotropic J:
 [[ 0.001 -0.    -0.    -0.    -0.   ]
 [-0.    -0.     0.     0.     0.   ]
 [-0.     0.    -0.    -0.001  0.   ]
 [-0.     0.    -0.001  0.002  0.   ]
 [ 0.     0.     0.     0.    -0.   ]] 
----------------------------------------------------------------------------------------
   Mn1   Mn1   ( -2,  -1,   1) -0.0006   (-7.620, -3.810,  3.810)  9.333 
J_iso: -0.0006 
Orbital contributions:
 isotropic J:
 [[ 0.001 -0.    -0.    -0.     0.   ]
 [-0.    -0.     0.     0.     0.   ]
 [-0.     0.     0.    -0.001  0.   ]
 [-0.     0.    -0.001  0.002  0.   ]
 [ 0.     0.     0.     0.    -0.   ]] 
----------------------------------------------------------------------------------------
   Mn1   Mn1   ( -2,   1,  -1) -0.0006   (-7.620,  3.810, -3.810)  9.333 
J_iso: -0.0006 
Orbital contributions:
 isotropic J:
 [[ 0.001 -0.    -0.    -0.     0.   ]
 [-0.    -0.     0.     0.     0.   ]
 [-0.     0.     0.    -0.001  0.   ]
 [-0.     0.    -0.001  0.001  0.   ]
 [ 0.     0.     0.     0.    -0.   ]] 
----------------------------------------------------------------------------------------
   Mn1   Mn1   ( -2,   1,   1) -0.0005   (-7.620,  3.810,  3.810)  9.333 
J_iso: -0.0005 
Orbital contributions:
 isotropic J:
 [[ 0.    -0.    -0.    -0.     0.   ]
 [-0.    -0.     0.     0.     0.   ]
 [-0.     0.    -0.    -0.001  0.   ]
 [-0.     0.    -0.001  0.001  0.   ]
 [ 0.     0.     0.     0.    -0.   ]] 
----------------------------------------------------------------------------------------
   Mn1   Mn1   ( -1,  -2,  -1) -0.0007   (-3.810, -7.620, -3.810)  9.333 
J_iso: -0.0007 
Orbital contributions:
 isotropic J:
 [[ 0.001 -0.    -0.    -0.    -0.   ]
 [-0.    -0.     0.    -0.001  0.   ]
 [-0.     0.    -0.     0.     0.   ]
 [-0.    -0.001  0.     0.002  0.   ]
 [ 0.     0.     0.     0.    -0.   ]] 
----------------------------------------------------------------------------------------
   Mn1   Mn1   ( -1,  -2,   1) -0.0006   (-3.810, -7.620,  3.810)  9.333 
J_iso: -0.0006 
Orbital contributions:
 isotropic J:
 [[ 0.001 -0.    -0.    -0.     0.   ]
 [-0.     0.     0.    -0.001  0.   ]
 [-0.     0.    -0.     0.     0.   ]
 [-0.    -0.001  0.     0.002  0.   ]
 [ 0.     0.     0.     0.    -0.   ]] 
----------------------------------------------------------------------------------------
   Mn1   Mn1   ( -1,  -1,  -2) -0.0007   (-3.810, -3.810, -7.620)  9.333 
J_iso: -0.0007 
Orbital contributions:
 isotropic J:
 [[ 0.002  0.     0.    -0.    -0.001]
 [ 0.    -0.     0.    -0.     0.   ]
 [ 0.     0.    -0.    -0.     0.   ]
 [-0.    -0.    -0.    -0.    -0.   ]
 [-0.001  0.     0.    -0.    -0.   ]] 
----------------------------------------------------------------------------------------
   Mn1   Mn1   ( -1,  -1,   2) -0.0005   (-3.810, -3.810,  7.620)  9.333 
J_iso: -0.0005 
Orbital contributions:
 isotropic J:
 [[ 0.002  0.     0.    -0.    -0.001]
 [ 0.    -0.     0.    -0.     0.   ]
 [ 0.     0.    -0.    -0.     0.   ]
 [ 0.    -0.    -0.    -0.    -0.   ]
 [-0.001  0.     0.    -0.    -0.   ]] 
----------------------------------------------------------------------------------------
   Mn1   Mn1   ( -1,   1,  -2) -0.0006   (-3.810,  3.810, -7.620)  9.333 
J_iso: -0.0006 
Orbital contributions:
 isotropic J:
 [[ 0.002  0.     0.    -0.    -0.001]
 [ 0.    -0.     0.    -0.     0.   ]
 [ 0.     0.    -0.    -0.     0.   ]
 [ 0.    -0.    -0.    -0.     0.   ]
 [-0.001  0.     0.    -0.     0.   ]] 
----------------------------------------------------------------------------------------
   Mn1   Mn1   ( -1,   1,   2) -0.0006   (-3.810,  3.810,  7.620)  9.333 
J_iso: -0.0006 
Orbital contributions:
 isotropic J:
 [[ 0.002  0.     0.     0.    -0.001]
 [ 0.    -0.     0.    -0.     0.   ]
 [ 0.     0.    -0.    -0.     0.   ]
 [-0.    -0.    -0.    -0.    -0.   ]
 [-0.001  0.     0.     0.     0.   ]] 
----------------------------------------------------------------------------------------
   Mn1   Mn1   ( -1,   2,  -1) -0.0005   (-3.810,  7.620, -3.810)  9.333 
J_iso: -0.0005 
Orbital contributions:
 isotropic J:
 [[ 0.    -0.    -0.    -0.     0.   ]
 [-0.    -0.     0.    -0.001  0.   ]
 [-0.     0.    -0.     0.     0.   ]
 [-0.    -0.001  0.     0.001  0.   ]
 [ 0.     0.     0.     0.    -0.   ]] 
----------------------------------------------------------------------------------------
   Mn1   Mn1   ( -1,   2,   1) -0.0006   (-3.810,  7.620,  3.810)  9.333 
J_iso: -0.0006 
Orbital contributions:
 isotropic J:
 [[ 0.001 -0.    -0.    -0.     0.   ]
 [-0.     0.     0.    -0.001  0.   ]
 [-0.     0.    -0.     0.     0.   ]
 [-0.    -0.001  0.     0.001  0.   ]
 [ 0.     0.     0.     0.    -0.   ]] 
----------------------------------------------------------------------------------------
   Mn1   Mn1   (  1,  -2,  -1) -0.0006   ( 3.810, -7.620, -3.810)  9.333 
J_iso: -0.0006 
Orbital contributions:
 isotropic J:
 [[ 0.001 -0.    -0.    -0.     0.   ]
 [-0.     0.     0.    -0.001  0.   ]
 [-0.     0.    -0.     0.     0.   ]
 [-0.    -0.001  0.     0.001  0.   ]
 [ 0.     0.     0.     0.    -0.   ]] 
----------------------------------------------------------------------------------------
   Mn1   Mn1   (  1,  -2,   1) -0.0005   ( 3.810, -7.620,  3.810)  9.333 
J_iso: -0.0005 
Orbital contributions:
 isotropic J:
 [[ 0.    -0.    -0.    -0.     0.   ]
 [-0.    -0.     0.    -0.001  0.   ]
 [-0.     0.    -0.     0.     0.   ]
 [-0.    -0.001  0.     0.001  0.   ]
 [ 0.     0.     0.     0.    -0.   ]] 
----------------------------------------------------------------------------------------
   Mn1   Mn1   (  1,  -1,  -2) -0.0006   ( 3.810, -3.810, -7.620)  9.333 
J_iso: -0.0006 
Orbital contributions:
 isotropic J:
 [[ 0.002  0.     0.    -0.    -0.001]
 [ 0.    -0.     0.    -0.     0.   ]
 [ 0.     0.    -0.    -0.     0.   ]
 [ 0.    -0.    -0.    -0.     0.   ]
 [-0.001  0.     0.    -0.     0.   ]] 
----------------------------------------------------------------------------------------
   Mn1   Mn1   (  1,  -1,   2) -0.0006   ( 3.810, -3.810,  7.620)  9.333 
J_iso: -0.0006 
Orbital contributions:
 isotropic J:
 [[ 0.002  0.     0.     0.    -0.001]
 [ 0.    -0.     0.    -0.     0.   ]
 [ 0.     0.    -0.    -0.     0.   ]
 [-0.    -0.    -0.    -0.    -0.   ]
 [-0.001  0.     0.     0.     0.   ]] 
----------------------------------------------------------------------------------------
   Mn1   Mn1   (  1,   1,  -2) -0.0005   ( 3.810,  3.810, -7.620)  9.333 
J_iso: -0.0005 
Orbital contributions:
 isotropic J:
 [[ 0.002  0.     0.     0.    -0.001]
 [ 0.    -0.     0.    -0.     0.   ]
 [ 0.     0.    -0.    -0.     0.   ]
 [-0.    -0.    -0.    -0.    -0.   ]
 [-0.001  0.     0.    -0.    -0.   ]] 
----------------------------------------------------------------------------------------
   Mn1   Mn1   (  1,   1,   2) -0.0007   ( 3.810,  3.810,  7.620)  9.333 
J_iso: -0.0007 
Orbital contributions:
 isotropic J:
 [[ 0.002  0.     0.    -0.    -0.001]
 [ 0.    -0.     0.    -0.     0.   ]
 [ 0.     0.    -0.    -0.     0.   ]
 [-0.    -0.    -0.    -0.    -0.   ]
 [-0.001  0.     0.    -0.    -0.   ]] 
----------------------------------------------------------------------------------------
   Mn1   Mn1   (  1,   2,  -1) -0.0006   ( 3.810,  7.620, -3.810)  9.333 
J_iso: -0.0006 
Orbital contributions:
 isotropic J:
 [[ 0.001 -0.    -0.    -0.     0.   ]
 [-0.     0.     0.    -0.001  0.   ]
 [-0.     0.    -0.     0.     0.   ]
 [-0.    -0.001  0.     0.002  0.   ]
 [ 0.     0.     0.     0.    -0.   ]] 
----------------------------------------------------------------------------------------
   Mn1   Mn1   (  1,   2,   1) -0.0007   ( 3.810,  7.620,  3.810)  9.333 
J_iso: -0.0007 
Orbital contributions:
 isotropic J:
 [[ 0.001 -0.    -0.    -0.     0.   ]
 [-0.    -0.     0.    -0.001  0.   ]
 [-0.     0.    -0.     0.     0.   ]
 [-0.    -0.001  0.     0.002  0.   ]
 [-0.     0.     0.     0.    -0.   ]] 
----------------------------------------------------------------------------------------
   Mn1   Mn1   (  2,  -1,  -1) -0.0005   ( 7.620, -3.810, -3.810)  9.333 
J_iso: -0.0005 
Orbital contributions:
 isotropic J:
 [[ 0.    -0.    -0.    -0.     0.   ]
 [-0.    -0.     0.     0.     0.   ]
 [-0.     0.    -0.    -0.001  0.   ]
 [-0.     0.    -0.001  0.001  0.   ]
 [ 0.     0.     0.     0.    -0.   ]] 
----------------------------------------------------------------------------------------
   Mn1   Mn1   (  2,  -1,   1) -0.0006   ( 7.620, -3.810,  3.810)  9.333 
J_iso: -0.0006 
Orbital contributions:
 isotropic J:
 [[ 0.001 -0.    -0.    -0.     0.   ]
 [-0.    -0.     0.     0.     0.   ]
 [-0.     0.     0.    -0.001  0.   ]
 [-0.     0.    -0.001  0.001  0.   ]
 [ 0.     0.     0.     0.    -0.   ]] 
----------------------------------------------------------------------------------------
   Mn1   Mn1   (  2,   1,  -1) -0.0006   ( 7.620,  3.810, -3.810)  9.333 
J_iso: -0.0006 
Orbital contributions:
 isotropic J:
 [[ 0.001 -0.    -0.    -0.     0.   ]
 [-0.    -0.     0.     0.     0.   ]
 [-0.     0.     0.    -0.001  0.   ]
 [-0.     0.    -0.001  0.002  0.   ]
 [ 0.     0.     0.     0.    -0.   ]] 
----------------------------------------------------------------------------------------
   Mn1   Mn1   (  2,   1,   1) -0.0007   ( 7.620,  3.810,  3.810)  9.333 
J_iso: -0.0007 
Orbital contributions:
 isotropic J:
 [[ 0.001 -0.    -0.    -0.     0.   ]
 [-0.    -0.     0.     0.     0.   ]
 [-0.     0.    -0.    -0.001  0.   ]
 [-0.     0.    -0.001  0.002  0.   ]
 [-0.     0.     0.     0.    -0.   ]] 
----------------------------------------------------------------------------------------
   Mn1   Mn1   ( -2,  -2,   0) -0.1253   (-7.620, -7.620,  0.000) 10.776 
J_iso: -0.1253 
Orbital contributions:
 isotropic J:
 [[-0.002 -0.    -0.     0.    -0.001]
 [-0.    -0.    -0.     0.    -0.   ]
 [-0.    -0.    -0.     0.    -0.   ]
 [ 0.     0.     0.    -0.096 -0.   ]
 [-0.001  0.     0.    -0.    -0.025]] 
----------------------------------------------------------------------------------------
   Mn1   Mn1   ( -2,   0,  -2) -0.1253   (-7.620,  0.000, -7.620) 10.776 
J_iso: -0.1253 
Orbital contributions:
 isotropic J:
 [[-0.047 -0.    -0.    -0.026 -0.   ]
 [-0.    -0.025  0.    -0.001  0.   ]
 [ 0.    -0.    -0.    -0.    -0.   ]
 [-0.026 -0.001 -0.     0.    -0.   ]
 [-0.    -0.    -0.    -0.    -0.   ]] 
----------------------------------------------------------------------------------------
   Mn1   Mn1   ( -2,   0,   2) -0.1388   (-7.620,  0.000,  7.620) 10.776 
J_iso: -0.1388 
Orbital contributions:
 isotropic J:
 [[-0.052 -0.     0.    -0.033 -0.   ]
 [-0.    -0.027  0.    -0.001 -0.   ]
 [-0.    -0.    -0.    -0.    -0.   ]
 [-0.025 -0.001 -0.     0.    -0.   ]
 [-0.     0.    -0.    -0.    -0.   ]] 
----------------------------------------------------------------------------------------
   Mn1   Mn1   ( -2,   2,   0) -0.1387   (-7.620,  7.620,  0.000) 10.776 
J_iso: -0.1387 
Orbital contributions:
 isotropic J:
 [[-0.002 -0.    -0.    -0.    -0.001]
 [-0.    -0.    -0.     0.     0.   ]
 [-0.    -0.    -0.     0.    -0.   ]
 [-0.     0.     0.    -0.107 -0.   ]
 [-0.001 -0.     0.    -0.    -0.027]] 
----------------------------------------------------------------------------------------
   Mn1   Mn1   (  0,  -2,  -2) -0.1253   ( 0.000, -7.620, -7.620) 10.776 
J_iso: -0.1253 
Orbital contributions:
 isotropic J:
 [[-0.047 -0.    -0.    -0.026 -0.   ]
 [ 0.    -0.    -0.    -0.    -0.   ]
 [-0.     0.    -0.025 -0.001  0.   ]
 [-0.026 -0.    -0.001  0.    -0.   ]
 [-0.    -0.    -0.    -0.    -0.   ]] 
----------------------------------------------------------------------------------------
   Mn1   Mn1   (  0,  -2,   2) -0.1388   ( 0.000, -7.620,  7.620) 10.776 
J_iso: -0.1388 
Orbital contributions:
 isotropic J:
 [[-0.052  0.    -0.    -0.033 -0.   ]
 [-0.    -0.    -0.    -0.    -0.   ]
 [-0.     0.    -0.027 -0.001 -0.   ]
 [-0.025 -0.    -0.001  0.    -0.   ]
 [-0.    -0.     0.    -0.    -0.   ]] 
----------------------------------------------------------------------------------------
   Mn1   Mn1   (  0,   2,  -2) -0.1388   ( 0.000,  7.620, -7.620) 10.776 
J_iso: -0.1388 
Orbital contributions:
 isotropic J:
 [[-0.052 -0.    -0.    -0.025 -0.   ]
 [ 0.    -0.     0.    -0.    -0.   ]
 [-0.    -0.    -0.027 -0.001  0.   ]
 [-0.033 -0.    -0.001  0.    -0.   ]
 [-0.    -0.    -0.    -0.    -0.   ]] 
----------------------------------------------------------------------------------------
   Mn1   Mn1   (  0,   2,   2) -0.1253   ( 0.000,  7.620,  7.620) 10.776 
J_iso: -0.1253 
Orbital contributions:
 isotropic J:
 [[-0.047  0.    -0.    -0.026 -0.   ]
 [-0.    -0.     0.    -0.    -0.   ]
 [-0.    -0.    -0.025 -0.001 -0.   ]
 [-0.026 -0.    -0.001  0.    -0.   ]
 [-0.    -0.     0.    -0.    -0.   ]] 
----------------------------------------------------------------------------------------
   Mn1   Mn1   (  2,  -2,   0) -0.1387   ( 7.620, -7.620,  0.000) 10.776 
J_iso: -0.1387 
Orbital contributions:
 isotropic J:
 [[-0.002 -0.    -0.    -0.    -0.001]
 [-0.    -0.    -0.     0.    -0.   ]
 [-0.    -0.    -0.     0.     0.   ]
 [-0.     0.     0.    -0.107 -0.   ]
 [-0.001  0.    -0.    -0.    -0.027]] 
----------------------------------------------------------------------------------------
   Mn1   Mn1   (  2,   0,  -2) -0.1388   ( 7.620,  0.000, -7.620) 10.776 
J_iso: -0.1388 
Orbital contributions:
 isotropic J:
 [[-0.052 -0.    -0.    -0.025 -0.   ]
 [-0.    -0.027 -0.    -0.001  0.   ]
 [ 0.     0.    -0.    -0.    -0.   ]
 [-0.033 -0.001 -0.     0.    -0.   ]
 [-0.    -0.    -0.    -0.    -0.   ]] 
----------------------------------------------------------------------------------------
   Mn1   Mn1   (  2,   0,   2) -0.1253   ( 7.620,  0.000,  7.620) 10.776 
J_iso: -0.1253 
Orbital contributions:
 isotropic J:
 [[-0.047 -0.     0.    -0.026 -0.   ]
 [-0.    -0.025 -0.    -0.001 -0.   ]
 [-0.     0.    -0.    -0.    -0.   ]
 [-0.026 -0.001 -0.     0.    -0.   ]
 [-0.     0.    -0.    -0.    -0.   ]] 
----------------------------------------------------------------------------------------
   Mn1   Mn1   (  2,   2,   0) -0.1253   ( 7.620,  7.620,  0.000) 10.776 
J_iso: -0.1253 
Orbital contributions:
 isotropic J:
 [[-0.002 -0.    -0.     0.    -0.001]
 [-0.    -0.    -0.     0.     0.   ]
 [-0.    -0.    -0.     0.     0.   ]
 [ 0.     0.     0.    -0.096 -0.   ]
 [-0.001 -0.    -0.    -0.    -0.025]] 
----------------------------------------------------------------------------------------
   Mn1   Mn1   ( -2,  -2,  -1)  0.0001   (-7.620, -7.620, -3.810) 11.430 
J_iso:  0.0001 
Orbital contributions:
 isotropic J:
 [[-0.001 -0.    -0.     0.     0.   ]
 [-0.    -0.     0.    -0.    -0.   ]
 [-0.     0.    -0.    -0.    -0.   ]
 [ 0.    -0.    -0.     0.002 -0.   ]
 [-0.    -0.    -0.    -0.    -0.001]] 
----------------------------------------------------------------------------------------
   Mn1   Mn1   ( -2,  -2,   1)  0.0002   (-7.620, -7.620,  3.810) 11.430 
J_iso:  0.0002 
Orbital contributions:
 isotropic J:
 [[-0.001 -0.    -0.    -0.     0.   ]
 [-0.    -0.     0.    -0.    -0.   ]
 [-0.     0.    -0.    -0.    -0.   ]
 [ 0.    -0.    -0.     0.002 -0.   ]
 [ 0.    -0.    -0.    -0.    -0.001]] 
----------------------------------------------------------------------------------------
   Mn1   Mn1   ( -2,  -1,  -2)  0.0001   (-7.620, -3.810, -7.620) 11.430 
J_iso:  0.0001 
Orbital contributions:
 isotropic J:
 [[ 0.001  0.     0.    -0.    -0.   ]
 [-0.    -0.001 -0.    -0.    -0.   ]
 [-0.    -0.    -0.    -0.     0.   ]
 [-0.     0.    -0.    -0.     0.   ]
 [-0.    -0.     0.     0.    -0.   ]] 
----------------------------------------------------------------------------------------
   Mn1   Mn1   ( -2,  -1,   2)  0.0001   (-7.620, -3.810,  7.620) 11.430 
J_iso:  0.0001 
Orbital contributions:
 isotropic J:
 [[ 0.001  0.    -0.    -0.    -0.   ]
 [-0.    -0.001 -0.     0.    -0.   ]
 [ 0.    -0.    -0.    -0.     0.   ]
 [-0.     0.    -0.    -0.     0.   ]
 [-0.    -0.     0.     0.    -0.   ]] 
----------------------------------------------------------------------------------------
   Mn1   Mn1   ( -2,   1,  -2)  0.0002   (-7.620,  3.810, -7.620) 11.430 
J_iso:  0.0002 
Orbital contributions:
 isotropic J:
 [[ 0.001  0.     0.    -0.    -0.   ]
 [ 0.    -0.001 -0.     0.    -0.   ]
 [-0.    -0.    -0.    -0.     0.   ]
 [-0.     0.    -0.    -0.     0.   ]
 [-0.    -0.     0.     0.    -0.   ]] 
----------------------------------------------------------------------------------------
   Mn1   Mn1   ( -2,   1,   2)  0.0001   (-7.620,  3.810,  7.620) 11.430 
J_iso:  0.0001 
Orbital contributions:
 isotropic J:
 [[ 0.001  0.    -0.    -0.    -0.   ]
 [-0.    -0.001 -0.     0.    -0.   ]
 [ 0.    -0.    -0.    -0.     0.   ]
 [-0.     0.    -0.    -0.     0.   ]
 [-0.    -0.     0.     0.    -0.   ]] 
----------------------------------------------------------------------------------------
   Mn1   Mn1   ( -2,   2,  -1)  0.0001   (-7.620,  7.620, -3.810) 11.430 
J_iso:  0.0001 
Orbital contributions:
 isotropic J:
 [[-0.001 -0.    -0.    -0.     0.   ]
 [-0.    -0.     0.    -0.    -0.   ]
 [-0.     0.    -0.    -0.    -0.   ]
 [-0.    -0.    -0.     0.002  0.   ]
 [ 0.    -0.    -0.     0.    -0.001]] 
----------------------------------------------------------------------------------------
   Mn1   Mn1   ( -2,   2,   1)  0.0001   (-7.620,  7.620,  3.810) 11.430 
J_iso:  0.0001 
Orbital contributions:
 isotropic J:
 [[-0.001 -0.    -0.    -0.     0.   ]
 [-0.    -0.     0.    -0.    -0.   ]
 [-0.     0.    -0.    -0.    -0.   ]
 [-0.    -0.    -0.     0.002  0.   ]
 [ 0.    -0.    -0.     0.    -0.001]] 
----------------------------------------------------------------------------------------
   Mn1   Mn1   ( -1,  -2,  -2)  0.0001   (-3.810, -7.620, -7.620) 11.430 
J_iso:  0.0001 
Orbital contributions:
 isotropic J:
 [[ 0.001  0.     0.    -0.    -0.   ]
 [-0.    -0.    -0.    -0.     0.   ]
 [-0.    -0.    -0.001 -0.    -0.   ]
 [-0.    -0.     0.    -0.     0.   ]
 [-0.     0.    -0.     0.    -0.   ]] 
----------------------------------------------------------------------------------------
   Mn1   Mn1   ( -1,  -2,   2)  0.0001   (-3.810, -7.620,  7.620) 11.430 
J_iso:  0.0001 
Orbital contributions:
 isotropic J:
 [[ 0.001 -0.     0.    -0.    -0.   ]
 [ 0.    -0.    -0.    -0.     0.   ]
 [-0.    -0.    -0.001  0.    -0.   ]
 [-0.    -0.     0.    -0.     0.   ]
 [-0.     0.    -0.     0.    -0.   ]] 
----------------------------------------------------------------------------------------
   Mn1   Mn1   ( -1,   2,  -2)  0.0001   (-3.810,  7.620, -7.620) 11.430 
J_iso:  0.0001 
Orbital contributions:
 isotropic J:
 [[ 0.001  0.    -0.    -0.    -0.   ]
 [-0.    -0.    -0.    -0.     0.   ]
 [ 0.    -0.    -0.001  0.    -0.   ]
 [-0.    -0.     0.    -0.     0.   ]
 [-0.     0.    -0.     0.    -0.   ]] 
----------------------------------------------------------------------------------------
   Mn1   Mn1   ( -1,   2,   2)  0.0002   (-3.810,  7.620,  7.620) 11.430 
J_iso:  0.0002 
Orbital contributions:
 isotropic J:
 [[ 0.001 -0.     0.    -0.    -0.   ]
 [ 0.    -0.    -0.    -0.     0.   ]
 [ 0.    -0.    -0.001  0.    -0.   ]
 [-0.    -0.     0.    -0.     0.   ]
 [-0.     0.    -0.     0.    -0.   ]] 
----------------------------------------------------------------------------------------
   Mn1   Mn1   (  1,  -2,  -2)  0.0002   ( 3.810, -7.620, -7.620) 11.430 
J_iso:  0.0002 
Orbital contributions:
 isotropic J:
 [[ 0.001  0.     0.    -0.    -0.   ]
 [-0.    -0.    -0.    -0.     0.   ]
 [ 0.    -0.    -0.001  0.    -0.   ]
 [-0.    -0.     0.    -0.     0.   ]
 [-0.     0.    -0.     0.    -0.   ]] 
----------------------------------------------------------------------------------------
   Mn1   Mn1   (  1,  -2,   2)  0.0001   ( 3.810, -7.620,  7.620) 11.430 
J_iso:  0.0001 
Orbital contributions:
 isotropic J:
 [[ 0.001 -0.     0.    -0.    -0.   ]
 [ 0.    -0.    -0.    -0.     0.   ]
 [-0.    -0.    -0.001  0.    -0.   ]
 [-0.    -0.     0.    -0.     0.   ]
 [-0.     0.    -0.     0.    -0.   ]] 
----------------------------------------------------------------------------------------
   Mn1   Mn1   (  1,   2,  -2)  0.0001   ( 3.810,  7.620, -7.620) 11.430 
J_iso:  0.0001 
Orbital contributions:
 isotropic J:
 [[ 0.001  0.    -0.    -0.    -0.   ]
 [-0.    -0.    -0.    -0.     0.   ]
 [ 0.    -0.    -0.001  0.    -0.   ]
 [-0.    -0.     0.    -0.     0.   ]
 [-0.     0.    -0.     0.    -0.   ]] 
----------------------------------------------------------------------------------------
   Mn1   Mn1   (  1,   2,   2)  0.0001   ( 3.810,  7.620,  7.620) 11.430 
J_iso:  0.0001 
Orbital contributions:
 isotropic J:
 [[ 0.001 -0.    -0.    -0.    -0.   ]
 [ 0.    -0.    -0.    -0.     0.   ]
 [ 0.    -0.    -0.001  0.    -0.   ]
 [-0.    -0.    -0.    -0.     0.   ]
 [-0.     0.    -0.     0.    -0.   ]] 
----------------------------------------------------------------------------------------
   Mn1   Mn1   (  2,  -2,  -1)  0.0001   ( 7.620, -7.620, -3.810) 11.430 
J_iso:  0.0001 
Orbital contributions:
 isotropic J:
 [[-0.001 -0.    -0.    -0.     0.   ]
 [-0.    -0.     0.    -0.    -0.   ]
 [-0.     0.    -0.    -0.    -0.   ]
 [-0.    -0.    -0.     0.002  0.   ]
 [ 0.    -0.    -0.     0.    -0.001]] 
----------------------------------------------------------------------------------------
   Mn1   Mn1   (  2,  -2,   1)  0.0001   ( 7.620, -7.620,  3.810) 11.430 
J_iso:  0.0001 
Orbital contributions:
 isotropic J:
 [[-0.001 -0.    -0.    -0.     0.   ]
 [-0.    -0.     0.    -0.    -0.   ]
 [-0.     0.    -0.    -0.    -0.   ]
 [-0.    -0.    -0.     0.002  0.   ]
 [ 0.    -0.    -0.     0.    -0.001]] 
----------------------------------------------------------------------------------------
   Mn1   Mn1   (  2,  -1,  -2)  0.0001   ( 7.620, -3.810, -7.620) 11.430 
J_iso:  0.0001 
Orbital contributions:
 isotropic J:
 [[ 0.001 -0.     0.    -0.    -0.   ]
 [ 0.    -0.001 -0.     0.    -0.   ]
 [-0.    -0.    -0.    -0.     0.   ]
 [-0.     0.    -0.    -0.     0.   ]
 [-0.    -0.     0.     0.    -0.   ]] 
----------------------------------------------------------------------------------------
   Mn1   Mn1   (  2,  -1,   2)  0.0002   ( 7.620, -3.810,  7.620) 11.430 
J_iso:  0.0002 
Orbital contributions:
 isotropic J:
 [[ 0.001  0.    -0.    -0.    -0.   ]
 [ 0.    -0.001 -0.     0.    -0.   ]
 [ 0.    -0.    -0.    -0.     0.   ]
 [-0.     0.    -0.    -0.     0.   ]
 [-0.    -0.     0.     0.    -0.   ]] 
----------------------------------------------------------------------------------------
   Mn1   Mn1   (  2,   1,  -2)  0.0001   ( 7.620,  3.810, -7.620) 11.430 
J_iso:  0.0001 
Orbital contributions:
 isotropic J:
 [[ 0.001 -0.     0.    -0.    -0.   ]
 [ 0.    -0.001 -0.     0.    -0.   ]
 [-0.    -0.    -0.    -0.     0.   ]
 [-0.     0.    -0.    -0.     0.   ]
 [-0.    -0.     0.     0.    -0.   ]] 
----------------------------------------------------------------------------------------
   Mn1   Mn1   (  2,   1,   2)  0.0001   ( 7.620,  3.810,  7.620) 11.430 
J_iso:  0.0001 
Orbital contributions:
 isotropic J:
 [[ 0.001 -0.    -0.    -0.    -0.   ]
 [ 0.    -0.001 -0.     0.    -0.   ]
 [ 0.    -0.    -0.    -0.     0.   ]
 [-0.    -0.    -0.    -0.     0.   ]
 [-0.    -0.     0.     0.    -0.   ]] 
----------------------------------------------------------------------------------------
   Mn1   Mn1   (  2,   2,  -1)  0.0002   ( 7.620,  7.620, -3.810) 11.430 
J_iso:  0.0002 
Orbital contributions:
 isotropic J:
 [[-0.001 -0.    -0.     0.     0.   ]
 [-0.    -0.     0.    -0.    -0.   ]
 [-0.     0.    -0.    -0.    -0.   ]
 [-0.    -0.    -0.     0.002 -0.   ]
 [ 0.    -0.    -0.    -0.    -0.001]] 
----------------------------------------------------------------------------------------
   Mn1   Mn1   (  2,   2,   1)  0.0001   ( 7.620,  7.620,  3.810) 11.430 
J_iso:  0.0001 
Orbital contributions:
 isotropic J:
 [[-0.001 -0.    -0.     0.    -0.   ]
 [-0.    -0.     0.    -0.    -0.   ]
 [-0.     0.    -0.    -0.    -0.   ]
 [ 0.    -0.    -0.     0.002 -0.   ]
 [ 0.    -0.    -0.    -0.    -0.001]] 
----------------------------------------------------------------------------------------
   Mn1   Mn1   ( -2,  -2,  -2)  0.0058   (-7.620, -7.620, -7.620) 13.198 
J_iso:  0.0058 
Orbital contributions:
 isotropic J:
 [[ 0.003  0.     0.     0.     0.   ]
 [ 0.    -0.     0.     0.     0.   ]
 [ 0.     0.    -0.     0.     0.   ]
 [ 0.     0.     0.     0.003  0.   ]
 [ 0.     0.     0.     0.    -0.   ]] 
----------------------------------------------------------------------------------------
   Mn1   Mn1   ( -2,  -2,   2)  0.0059   (-7.620, -7.620,  7.620) 13.198 
J_iso:  0.0059 
Orbital contributions:
 isotropic J:
 [[ 0.003  0.     0.    -0.     0.   ]
 [ 0.    -0.     0.     0.     0.   ]
 [ 0.     0.    -0.     0.     0.   ]
 [-0.     0.     0.     0.003 -0.   ]
 [ 0.     0.     0.    -0.    -0.   ]] 
----------------------------------------------------------------------------------------
   Mn1   Mn1   ( -2,   2,  -2)  0.0059   (-7.620,  7.620, -7.620) 13.198 
J_iso:  0.0059 
Orbital contributions:
 isotropic J:
 [[ 0.003  0.     0.    -0.     0.   ]
 [ 0.    -0.     0.     0.     0.   ]
 [ 0.     0.    -0.     0.     0.   ]
 [-0.     0.     0.     0.003  0.   ]
 [ 0.     0.     0.     0.    -0.   ]] 
----------------------------------------------------------------------------------------
   Mn1   Mn1   ( -2,   2,   2)  0.0059   (-7.620,  7.620,  7.620) 13.198 
J_iso:  0.0059 
Orbital contributions:
 isotropic J:
 [[ 0.003  0.     0.    -0.     0.   ]
 [ 0.    -0.     0.     0.     0.   ]
 [ 0.     0.    -0.     0.     0.   ]
 [-0.     0.     0.     0.003  0.   ]
 [ 0.     0.     0.     0.    -0.   ]] 
----------------------------------------------------------------------------------------
   Mn1   Mn1   (  2,  -2,  -2)  0.0059   ( 7.620, -7.620, -7.620) 13.198 
J_iso:  0.0059 
Orbital contributions:
 isotropic J:
 [[ 0.003  0.     0.    -0.     0.   ]
 [ 0.    -0.     0.     0.     0.   ]
 [ 0.     0.    -0.     0.     0.   ]
 [-0.     0.     0.     0.003  0.   ]
 [ 0.     0.     0.     0.    -0.   ]] 
----------------------------------------------------------------------------------------
   Mn1   Mn1   (  2,  -2,   2)  0.0059   ( 7.620, -7.620,  7.620) 13.198 
J_iso:  0.0059 
Orbital contributions:
 isotropic J:
 [[ 0.003  0.     0.    -0.     0.   ]
 [ 0.    -0.     0.     0.     0.   ]
 [ 0.     0.    -0.     0.     0.   ]
 [-0.     0.     0.     0.003  0.   ]
 [ 0.     0.     0.     0.    -0.   ]] 
----------------------------------------------------------------------------------------
   Mn1   Mn1   (  2,   2,  -2)  0.0059   ( 7.620,  7.620, -7.620) 13.198 
J_iso:  0.0059 
Orbital contributions:
 isotropic J:
 [[ 0.003  0.     0.    -0.     0.   ]
 [ 0.    -0.     0.     0.     0.   ]
 [ 0.     0.    -0.     0.     0.   ]
 [-0.     0.     0.     0.003 -0.   ]
 [ 0.     0.     0.    -0.    -0.   ]] 
----------------------------------------------------------------------------------------
   Mn1   Mn1   (  2,   2,   2)  0.0058   ( 7.620,  7.620,  7.620) 13.198 
J_iso:  0.0058 
Orbital contributions:
 isotropic J:
 [[ 0.003  0.     0.     0.     0.   ]
 [ 0.    -0.     0.     0.     0.   ]
 [ 0.     0.    -0.     0.     0.   ]
 [ 0.     0.     0.     0.003  0.   ]
 [ 0.     0.     0.     0.    -0.   ]] 
