============================================================
Information: 
Exchange parameters generated by TB2J.
============================================================
Cell (Angstrom):
 3.800   0.000   0.000
 0.000   3.800   0.000
 0.000   0.000   3.800

============================================================
Atoms:  
(Note: charge and magmoms only count the wannier functions.)
 Symbol_number       x          y          z      w_charge   w_magmom 
Sr1               0.0000     0.0000     0.0000     2.0000     0.0000  
Total                                              21.0000    3.0000  
Mn1               1.9000     1.9000     1.9000     4.0000     3.0000  
Total                                              21.0000    3.0000  
O1                0.0000     1.9000     1.9000     5.0000     0.0000  
Total                                              21.0000    3.0000  
O2                1.9000     0.0000     1.9000     5.0000     0.0000  
Total                                              21.0000    3.0000  
O3                1.9000     1.9000     0.0000     5.0000     0.0000  
Total                                              21.0000    3.0000  

============================================================
Exchange: 
    i           j           R           J_iso(meV)          vector          distance(A) 
   0(Mn1  )    0(Mn1  ) (  0,   0,   0) 1200.0000 ( 0.000,  0.000,  0.000)  0.000 
J_iso: 1.2e+03 
   0(Mn1  )    0(Mn1  ) (  0,   0,   1) 1100.0000 ( 0.000,  0.000,  3.800)  3.800 
J_iso: 1.1e+03 
